2025-03-21 19:13:13,834 - INFO - Conectado a la base de datos exitosamente.
2025-03-21 19:13:15,184 - INFO - El tamaño de la tabla Codigos es 8143 filas.
2025-03-21 19:13:15,187 - INFO - Datos obtenidos de la fila en la posición 1 de la tabla Codigos. Con PK =  001/2019/6676-5259
2025-03-21 19:13:15,192 - INFO - Datos obtenidos de la fila en la posición 1 de la tabla Licitaciones. Con PK = @733811H
2025-03-21 19:13:17,578 - INFO - Datos obtenidos de la fila en la posición 2 de la tabla Codigos. Con PK =  001/2020/2469-1986
2025-03-21 19:13:17,581 - INFO - Datos obtenidos de la fila en la posición 2 de la tabla Licitaciones. Con PK = 000055/2021-GENSEC
2025-03-21 19:13:19,548 - INFO - Datos obtenidos de la fila en la posición 3 de la tabla Codigos. Con PK =  1089573X
2025-03-21 19:13:19,549 - INFO - Datos obtenidos de la fila en la posición 3 de la tabla Licitaciones. Con PK = 000056/2021-GENSEC
2025-03-21 19:13:21,695 - INFO - Datos obtenidos de la fila en la posición 4 de la tabla Codigos. Con PK =  1395468A
2025-03-21 19:13:21,695 - INFO - Datos obtenidos de la fila en la posición 4 de la tabla Licitaciones. Con PK = 000057/2021-GENSEC
2025-03-21 19:13:24,046 - INFO - Datos obtenidos de la fila en la posición 5 de la tabla Codigos. Con PK =  1483292D
2025-03-21 19:13:24,047 - INFO - Datos obtenidos de la fila en la posición 5 de la tabla Licitaciones. Con PK = 000080/2021-GENSEC
2025-03-21 19:13:26,135 - INFO - Datos obtenidos de la fila en la posición 6 de la tabla Codigos. Con PK =  1644/2022
2025-03-21 19:13:26,135 - INFO - Datos obtenidos de la fila en la posición 6 de la tabla Licitaciones. Con PK = 000081/2021-GENSEC
2025-03-21 19:13:29,382 - INFO - Datos obtenidos de la fila en la posición 7 de la tabla Codigos. Con PK =  190/2022
2025-03-21 19:13:29,382 - INFO - Datos obtenidos de la fila en la posición 7 de la tabla Licitaciones. Con PK = 000099/2020-GENSEC
2025-03-21 19:13:30,831 - INFO - Datos obtenidos de la fila en la posición 8 de la tabla Codigos. Con PK =  2021/OFI_01/000268
2025-03-21 19:13:30,832 - INFO - Datos obtenidos de la fila en la posición 8 de la tabla Licitaciones. Con PK = 000110/2021-GENSEC
2025-03-21 19:13:32,260 - INFO - Datos obtenidos de la fila en la posición 9 de la tabla Codigos. Con PK =  2294/2021
2025-03-21 19:13:32,261 - INFO - Datos obtenidos de la fila en la posición 9 de la tabla Licitaciones. Con PK = 0007/2103-CI
2025-03-21 19:13:34,477 - INFO - Datos obtenidos de la fila en la posición 10 de la tabla Codigos. Con PK =  3490/2022
2025-03-21 19:13:34,478 - INFO - Datos obtenidos de la fila en la posición 10 de la tabla Licitaciones. Con PK = 001/2019/12531
2025-03-21 19:13:36,320 - INFO - Datos obtenidos de la fila en la posición 11 de la tabla Codigos. Con PK =  46-CG-145/2022 - 5944
2025-03-21 19:13:36,321 - INFO - Datos obtenidos de la fila en la posición 11 de la tabla Licitaciones. Con PK = 001/2019/14060-11234
2025-03-21 19:13:38,955 - INFO - Datos obtenidos de la fila en la posición 12 de la tabla Codigos. Con PK =  756/2021
2025-03-21 19:13:38,956 - INFO - Datos obtenidos de la fila en la posición 12 de la tabla Licitaciones. Con PK = 001/2019/6676-5259
2025-03-21 19:13:41,472 - INFO - Datos obtenidos de la fila en la posición 13 de la tabla Codigos. Con PK =  787289H
2025-03-21 19:13:41,473 - INFO - Datos obtenidos de la fila en la posición 13 de la tabla Licitaciones. Con PK = 001/2020/2147-1716
2025-03-21 19:13:43,792 - INFO - Datos obtenidos de la fila en la posición 14 de la tabla Codigos. Con PK =  797731K
2025-03-21 19:13:43,793 - INFO - Datos obtenidos de la fila en la posición 14 de la tabla Licitaciones. Con PK = 001/2020/2461
2025-03-21 19:13:45,821 - INFO - Datos obtenidos de la fila en la posición 15 de la tabla Codigos. Con PK =  896943E
2025-03-21 19:13:45,821 - INFO - Datos obtenidos de la fila en la posición 15 de la tabla Licitaciones. Con PK = 001/2020/2464-1982
2025-03-21 19:13:47,705 - INFO - Datos obtenidos de la fila en la posición 16 de la tabla Codigos. Con PK =  911326F
2025-03-21 19:13:47,706 - INFO - Datos obtenidos de la fila en la posición 16 de la tabla Licitaciones. Con PK = 001/2020/2466-1983
2025-03-21 19:13:49,685 - INFO - Datos obtenidos de la fila en la posición 17 de la tabla Codigos. Con PK =  993358P
2025-03-21 19:13:49,686 - INFO - Datos obtenidos de la fila en la posición 17 de la tabla Licitaciones. Con PK = 001/2020/2469-1986
2025-03-21 19:13:51,863 - INFO - Datos obtenidos de la fila en la posición 18 de la tabla Codigos. Con PK =  CNMY23/ATV/06
2025-03-21 19:13:51,864 - INFO - Datos obtenidos de la fila en la posición 18 de la tabla Licitaciones. Con PK = 001/2020/2477-1994
2025-03-21 19:13:53,349 - INFO - Datos obtenidos de la fila en la posición 19 de la tabla Codigos. Con PK =  E 70010 2020 115 (2021_014)
2025-03-21 19:13:53,349 - INFO - Datos obtenidos de la fila en la posición 19 de la tabla Licitaciones. Con PK = 001/2020/2483-2000
2025-03-21 19:13:54,734 - INFO - Datos obtenidos de la fila en la posición 20 de la tabla Codigos. Con PK =  Expte. Sedival:1387503N
2025-03-21 19:13:54,735 - INFO - Datos obtenidos de la fila en la posición 20 de la tabla Licitaciones. Con PK = 001/2020/2486-2003
2025-03-21 19:13:56,551 - INFO - Datos obtenidos de la fila en la posición 21 de la tabla Codigos. Con PK =  PAS 453 2022
2025-03-21 19:13:56,552 - INFO - Datos obtenidos de la fila en la posición 21 de la tabla Licitaciones. Con PK = 001/2020/3145-2509
2025-03-21 19:13:58,603 - INFO - Datos obtenidos de la fila en la posición 22 de la tabla Codigos. Con PK = @733811H
2025-03-21 19:13:58,603 - INFO - Datos obtenidos de la fila en la posición 22 de la tabla Licitaciones. Con PK = 001/2020/3147-2511
2025-03-21 19:14:01,192 - INFO - Datos obtenidos de la fila en la posición 23 de la tabla Codigos. Con PK = 000055/2021-GENSEC
2025-03-21 19:14:01,192 - INFO - Datos obtenidos de la fila en la posición 23 de la tabla Licitaciones. Con PK = 001/2020/5518-4184
2025-03-21 19:14:03,191 - INFO - Datos obtenidos de la fila en la posición 24 de la tabla Codigos. Con PK = 000056/2021-GENSEC
2025-03-21 19:14:03,192 - INFO - Datos obtenidos de la fila en la posición 24 de la tabla Licitaciones. Con PK = 001/2021/10076
2025-03-21 19:14:05,342 - INFO - Datos obtenidos de la fila en la posición 25 de la tabla Codigos. Con PK = 000057/2021-GENSEC
2025-03-21 19:14:05,343 - INFO - Datos obtenidos de la fila en la posición 25 de la tabla Licitaciones. Con PK = 001/2021/10079
2025-03-21 19:14:07,673 - INFO - Datos obtenidos de la fila en la posición 26 de la tabla Codigos. Con PK = 000080/2021-GENSEC
2025-03-21 19:14:07,674 - INFO - Datos obtenidos de la fila en la posición 26 de la tabla Licitaciones. Con PK = 001/2021/10680
2025-03-21 19:14:09,761 - INFO - Datos obtenidos de la fila en la posición 27 de la tabla Codigos. Con PK = 000081/2021-GENSEC
2025-03-21 19:14:09,762 - INFO - Datos obtenidos de la fila en la posición 27 de la tabla Licitaciones. Con PK = 001/2021/11258
2025-03-21 19:14:11,682 - INFO - Datos obtenidos de la fila en la posición 28 de la tabla Codigos. Con PK = 000099/2020-GENSEC
2025-03-21 19:14:11,683 - INFO - Datos obtenidos de la fila en la posición 28 de la tabla Licitaciones. Con PK = 001/2021/11843
2025-03-21 19:14:13,909 - INFO - Datos obtenidos de la fila en la posición 29 de la tabla Codigos. Con PK = 000110/2021-GENSEC
2025-03-21 19:14:13,910 - INFO - Datos obtenidos de la fila en la posición 29 de la tabla Licitaciones. Con PK = 001/2021/128
2025-03-21 19:14:16,084 - INFO - Datos obtenidos de la fila en la posición 30 de la tabla Codigos. Con PK = 0007/2103-CI
2025-03-21 19:14:16,085 - INFO - Datos obtenidos de la fila en la posición 30 de la tabla Licitaciones. Con PK = 001/2021/12979
2025-03-21 19:14:18,529 - INFO - Datos obtenidos de la fila en la posición 31 de la tabla Codigos. Con PK = 001/2019/12531
2025-03-21 19:14:18,537 - INFO - Datos obtenidos de la fila en la posición 31 de la tabla Licitaciones. Con PK = 001/2021/13150
2025-03-21 19:14:20,726 - INFO - Datos obtenidos de la fila en la posición 32 de la tabla Codigos. Con PK = 001/2019/14060-11234
2025-03-21 19:14:20,732 - INFO - Datos obtenidos de la fila en la posición 32 de la tabla Licitaciones. Con PK = 001/2021/13992
2025-03-21 19:14:22,762 - INFO - Datos obtenidos de la fila en la posición 33 de la tabla Codigos. Con PK = 001/2020/2147-1716
2025-03-21 19:14:22,765 - INFO - Datos obtenidos de la fila en la posición 33 de la tabla Licitaciones. Con PK = 001/2021/1501
2025-03-21 19:14:24,641 - INFO - Datos obtenidos de la fila en la posición 34 de la tabla Codigos. Con PK = 001/2020/2461
2025-03-21 19:14:24,643 - INFO - Datos obtenidos de la fila en la posición 34 de la tabla Licitaciones. Con PK = 001/2021/16473
2025-03-21 19:14:26,070 - INFO - Datos obtenidos de la fila en la posición 35 de la tabla Codigos. Con PK = 001/2020/2464-1982
2025-03-21 19:14:26,070 - INFO - Datos obtenidos de la fila en la posición 35 de la tabla Licitaciones. Con PK = 001/2021/1867-1528
2025-03-21 19:14:28,655 - INFO - Datos obtenidos de la fila en la posición 36 de la tabla Codigos. Con PK = 001/2020/2466-1983
2025-03-21 19:14:28,655 - INFO - Datos obtenidos de la fila en la posición 36 de la tabla Licitaciones. Con PK = 001/2021/2344
2025-03-21 19:14:30,967 - INFO - Datos obtenidos de la fila en la posición 37 de la tabla Codigos. Con PK = 001/2020/2477-1994
2025-03-21 19:14:30,968 - INFO - Datos obtenidos de la fila en la posición 37 de la tabla Licitaciones. Con PK = 001/2021/4581
2025-03-21 19:14:32,897 - INFO - Datos obtenidos de la fila en la posición 38 de la tabla Codigos. Con PK = 001/2020/2483-2000
2025-03-21 19:14:32,898 - INFO - Datos obtenidos de la fila en la posición 38 de la tabla Licitaciones. Con PK = 001/2021/5148
2025-03-21 19:14:35,044 - INFO - Datos obtenidos de la fila en la posición 39 de la tabla Codigos. Con PK = 001/2020/2486-2003
2025-03-21 19:14:35,045 - INFO - Datos obtenidos de la fila en la posición 39 de la tabla Licitaciones. Con PK = 001/2021/5679
2025-03-21 19:14:37,223 - INFO - Datos obtenidos de la fila en la posición 40 de la tabla Codigos. Con PK = 001/2020/3145-2509
2025-03-21 19:14:37,224 - INFO - Datos obtenidos de la fila en la posición 40 de la tabla Licitaciones. Con PK = 001/2021/5712
2025-03-21 19:14:40,610 - INFO - Datos obtenidos de la fila en la posición 41 de la tabla Codigos. Con PK = 001/2020/3147-2511
2025-03-21 19:14:40,611 - INFO - Datos obtenidos de la fila en la posición 41 de la tabla Licitaciones. Con PK = 001/2021/6270
2025-03-21 19:14:42,654 - INFO - Datos obtenidos de la fila en la posición 42 de la tabla Codigos. Con PK = 001/2020/5518-4184
2025-03-21 19:14:42,655 - INFO - Datos obtenidos de la fila en la posición 42 de la tabla Licitaciones. Con PK = 001/2021/9278
2025-03-21 19:14:44,397 - INFO - Datos obtenidos de la fila en la posición 43 de la tabla Codigos. Con PK = 001/2021/10076
2025-03-21 19:14:44,398 - INFO - Datos obtenidos de la fila en la posición 43 de la tabla Licitaciones. Con PK = 001/2021/9478
2025-03-21 19:14:45,876 - INFO - Datos obtenidos de la fila en la posición 44 de la tabla Codigos. Con PK = 001/2021/10079
2025-03-21 19:14:45,876 - INFO - Datos obtenidos de la fila en la posición 44 de la tabla Licitaciones. Con PK = 001/2021/9543
2025-03-21 19:14:47,682 - INFO - Datos obtenidos de la fila en la posición 45 de la tabla Codigos. Con PK = 001/2021/10680
2025-03-21 19:14:47,683 - INFO - Datos obtenidos de la fila en la posición 45 de la tabla Licitaciones. Con PK = 001/2021/9692
2025-03-21 19:14:49,857 - INFO - Datos obtenidos de la fila en la posición 46 de la tabla Codigos. Con PK = 001/2021/11258
2025-03-21 19:14:49,858 - INFO - Datos obtenidos de la fila en la posición 46 de la tabla Licitaciones. Con PK = 001/2022/12569
2025-03-21 19:14:49,858 - INFO - Datos obtenidos de la fila en la posición 47 de la tabla Codigos. Con PK = 001/2021/11843
2025-03-21 19:14:49,859 - INFO - Datos obtenidos de la fila en la posición 47 de la tabla Licitaciones. Con PK = 001/2022/12871
2025-03-21 19:14:52,004 - INFO - Datos obtenidos de la fila en la posición 48 de la tabla Codigos. Con PK = 001/2021/128
2025-03-21 19:14:52,004 - INFO - Datos obtenidos de la fila en la posición 48 de la tabla Licitaciones. Con PK = 001/2022/14098
2025-03-21 19:14:54,204 - INFO - Datos obtenidos de la fila en la posición 49 de la tabla Codigos. Con PK = 001/2021/12979
2025-03-21 19:14:54,205 - INFO - Datos obtenidos de la fila en la posición 49 de la tabla Licitaciones. Con PK = 001/2022/14681
2025-03-21 19:14:56,172 - INFO - Datos obtenidos de la fila en la posición 50 de la tabla Codigos. Con PK = 001/2021/13150
2025-03-21 19:14:56,172 - INFO - Datos obtenidos de la fila en la posición 50 de la tabla Licitaciones. Con PK = 001/2022/16013
2025-03-21 19:14:58,126 - INFO - Datos obtenidos de la fila en la posición 51 de la tabla Codigos. Con PK = 001/2021/13992
2025-03-21 19:14:58,127 - INFO - Datos obtenidos de la fila en la posición 51 de la tabla Licitaciones. Con PK = 001/2022/16127
2025-03-21 19:15:01,254 - INFO - Datos obtenidos de la fila en la posición 52 de la tabla Codigos. Con PK = 001/2021/1501
2025-03-21 19:15:01,254 - INFO - Datos obtenidos de la fila en la posición 52 de la tabla Licitaciones. Con PK = 001/2022/16425
2025-03-21 19:15:03,548 - INFO - Datos obtenidos de la fila en la posición 53 de la tabla Codigos. Con PK = 001/2021/16473
2025-03-21 19:15:03,549 - INFO - Datos obtenidos de la fila en la posición 53 de la tabla Licitaciones. Con PK = 001/2022/17565
2025-03-21 19:15:06,145 - INFO - Datos obtenidos de la fila en la posición 54 de la tabla Codigos. Con PK = 001/2021/1867-1528
2025-03-21 19:15:06,146 - INFO - Datos obtenidos de la fila en la posición 54 de la tabla Licitaciones. Con PK = 001/2022/2269
2025-03-21 19:15:08,052 - INFO - Datos obtenidos de la fila en la posición 55 de la tabla Codigos. Con PK = 001/2021/2344
2025-03-21 19:15:08,053 - INFO - Datos obtenidos de la fila en la posición 55 de la tabla Licitaciones. Con PK = 001/2022/2623
2025-03-21 19:15:10,603 - INFO - Datos obtenidos de la fila en la posición 56 de la tabla Codigos. Con PK = 001/2021/4581
2025-03-21 19:15:10,604 - INFO - Datos obtenidos de la fila en la posición 56 de la tabla Licitaciones. Con PK = 001/2022/35
2025-03-21 19:15:12,678 - INFO - Datos obtenidos de la fila en la posición 57 de la tabla Codigos. Con PK = 001/2021/5148
2025-03-21 19:15:12,679 - INFO - Datos obtenidos de la fila en la posición 57 de la tabla Licitaciones. Con PK = 001/2022/3677
2025-03-21 19:15:14,908 - INFO - Datos obtenidos de la fila en la posición 58 de la tabla Codigos. Con PK = 001/2021/5679
2025-03-21 19:15:14,909 - INFO - Datos obtenidos de la fila en la posición 58 de la tabla Licitaciones. Con PK = 001/2022/3687
2025-03-21 19:15:16,309 - INFO - Datos obtenidos de la fila en la posición 59 de la tabla Codigos. Con PK = 001/2021/5712
2025-03-21 19:15:16,310 - INFO - Datos obtenidos de la fila en la posición 59 de la tabla Licitaciones. Con PK = 001/2022/4343
2025-03-21 19:15:18,099 - INFO - Datos obtenidos de la fila en la posición 60 de la tabla Codigos. Con PK = 001/2021/6270
2025-03-21 19:15:18,099 - INFO - Datos obtenidos de la fila en la posición 60 de la tabla Licitaciones. Con PK = 001/2022/4612
2025-03-21 19:15:20,088 - INFO - Datos obtenidos de la fila en la posición 61 de la tabla Codigos. Con PK = 001/2021/9278
2025-03-21 19:15:20,088 - INFO - Datos obtenidos de la fila en la posición 61 de la tabla Licitaciones. Con PK = 001/2022/5411
2025-03-21 19:15:22,412 - INFO - Datos obtenidos de la fila en la posición 62 de la tabla Codigos. Con PK = 001/2021/9478
2025-03-21 19:15:22,413 - INFO - Datos obtenidos de la fila en la posición 62 de la tabla Licitaciones. Con PK = 001/2022/5484
2025-03-21 19:15:24,364 - INFO - Datos obtenidos de la fila en la posición 63 de la tabla Codigos. Con PK = 001/2021/9543
2025-03-21 19:15:24,368 - INFO - Datos obtenidos de la fila en la posición 63 de la tabla Licitaciones. Con PK = 001/2022/6376
2025-03-21 19:15:26,433 - INFO - Datos obtenidos de la fila en la posición 64 de la tabla Codigos. Con PK = 001/2021/9692
2025-03-21 19:15:26,436 - INFO - Datos obtenidos de la fila en la posición 64 de la tabla Licitaciones. Con PK = 001/2022/6742
2025-03-21 19:15:28,285 - INFO - Datos obtenidos de la fila en la posición 65 de la tabla Codigos. Con PK = 001/2022/12569
2025-03-21 19:15:28,288 - INFO - Datos obtenidos de la fila en la posición 65 de la tabla Licitaciones. Con PK = 001/2022/6888
2025-03-21 19:15:29,532 - INFO - Datos obtenidos de la fila en la posición 66 de la tabla Codigos. Con PK = 001/2022/12871
2025-03-21 19:15:29,533 - INFO - Datos obtenidos de la fila en la posición 66 de la tabla Licitaciones. Con PK = 001/2022/7201
2025-03-21 19:15:31,697 - INFO - Datos obtenidos de la fila en la posición 67 de la tabla Codigos. Con PK = 001/2022/14098
2025-03-21 19:15:31,698 - INFO - Datos obtenidos de la fila en la posición 67 de la tabla Licitaciones. Con PK = 001/2022/8641
2025-03-21 19:15:33,116 - INFO - Datos obtenidos de la fila en la posición 68 de la tabla Codigos. Con PK = 001/2022/14681
2025-03-21 19:15:33,116 - INFO - Datos obtenidos de la fila en la posición 68 de la tabla Licitaciones. Con PK = 001/2022/9331
2025-03-21 19:15:33,117 - INFO - Datos obtenidos de la fila en la posición 69 de la tabla Codigos. Con PK = 001/2022/16013
2025-03-21 19:15:33,118 - INFO - Datos obtenidos de la fila en la posición 69 de la tabla Licitaciones. Con PK = 001/2023/10437
2025-03-21 19:15:35,209 - INFO - Datos obtenidos de la fila en la posición 70 de la tabla Codigos. Con PK = 001/2022/16127
2025-03-21 19:15:35,210 - INFO - Datos obtenidos de la fila en la posición 70 de la tabla Licitaciones. Con PK = 001/2023/10469
2025-03-21 19:15:37,364 - INFO - Datos obtenidos de la fila en la posición 71 de la tabla Codigos. Con PK = 001/2022/16425
2025-03-21 19:15:37,364 - INFO - Datos obtenidos de la fila en la posición 71 de la tabla Licitaciones. Con PK = 001/2023/11443
2025-03-21 19:15:39,601 - INFO - Datos obtenidos de la fila en la posición 72 de la tabla Codigos. Con PK = 001/2022/17565
2025-03-21 19:15:39,602 - INFO - Datos obtenidos de la fila en la posición 72 de la tabla Licitaciones. Con PK = 001/2023/13066
2025-03-21 19:15:41,747 - INFO - Datos obtenidos de la fila en la posición 73 de la tabla Codigos. Con PK = 001/2022/2269
2025-03-21 19:15:41,748 - INFO - Datos obtenidos de la fila en la posición 73 de la tabla Licitaciones. Con PK = 001/2023/13133
2025-03-21 19:15:43,928 - INFO - Datos obtenidos de la fila en la posición 74 de la tabla Codigos. Con PK = 001/2022/2623
2025-03-21 19:15:43,929 - INFO - Datos obtenidos de la fila en la posición 74 de la tabla Licitaciones. Con PK = 001/2023/2283
2025-03-21 19:15:43,930 - INFO - Datos obtenidos de la fila en la posición 75 de la tabla Codigos. Con PK = 001/2022/35
2025-03-21 19:15:43,930 - INFO - Datos obtenidos de la fila en la posición 75 de la tabla Licitaciones. Con PK = 001/2023/364
2025-03-21 19:15:43,931 - INFO - Datos obtenidos de la fila en la posición 76 de la tabla Codigos. Con PK = 001/2022/3677
2025-03-21 19:15:43,931 - INFO - Datos obtenidos de la fila en la posición 76 de la tabla Licitaciones. Con PK = 001/2023/4276
2025-03-21 19:15:46,548 - INFO - Datos obtenidos de la fila en la posición 77 de la tabla Codigos. Con PK = 001/2022/3687
2025-03-21 19:15:46,549 - INFO - Datos obtenidos de la fila en la posición 77 de la tabla Licitaciones. Con PK = 001/2023/689
2025-03-21 19:15:48,743 - INFO - Datos obtenidos de la fila en la posición 78 de la tabla Codigos. Con PK = 001/2022/4343
2025-03-21 19:15:48,744 - INFO - Datos obtenidos de la fila en la posición 78 de la tabla Licitaciones. Con PK = 001/2023/6956
2025-03-21 19:15:50,209 - INFO - Datos obtenidos de la fila en la posición 79 de la tabla Codigos. Con PK = 001/2022/4612
2025-03-21 19:15:50,210 - INFO - Datos obtenidos de la fila en la posición 79 de la tabla Licitaciones. Con PK = 001/2023/7616
2025-03-21 19:15:51,740 - INFO - Datos obtenidos de la fila en la posición 80 de la tabla Codigos. Con PK = 001/2022/5411
2025-03-21 19:15:51,741 - INFO - Datos obtenidos de la fila en la posición 80 de la tabla Licitaciones. Con PK = 001/2023/8196
2025-03-21 19:15:53,542 - INFO - Datos obtenidos de la fila en la posición 81 de la tabla Codigos. Con PK = 001/2022/5484
2025-03-21 19:15:53,543 - INFO - Datos obtenidos de la fila en la posición 81 de la tabla Licitaciones. Con PK = 003/2021 _2021/OFI_01/000075
2025-03-21 19:15:55,809 - INFO - Datos obtenidos de la fila en la posición 82 de la tabla Codigos. Con PK = 001/2022/6376
2025-03-21 19:15:55,810 - INFO - Datos obtenidos de la fila en la posición 82 de la tabla Licitaciones. Con PK = 008-00133/2020
2025-03-21 19:15:57,866 - INFO - Datos obtenidos de la fila en la posición 83 de la tabla Codigos. Con PK = 001/2022/6742
2025-03-21 19:15:57,867 - INFO - Datos obtenidos de la fila en la posición 83 de la tabla Licitaciones. Con PK = 008-0069/2021
2025-03-21 19:16:00,061 - INFO - Datos obtenidos de la fila en la posición 84 de la tabla Codigos. Con PK = 001/2022/6888
2025-03-21 19:16:00,062 - INFO - Datos obtenidos de la fila en la posición 84 de la tabla Licitaciones. Con PK = 008-0111/2021
2025-03-21 19:16:01,589 - INFO - Datos obtenidos de la fila en la posición 85 de la tabla Codigos. Con PK = 001/2022/7201
2025-03-21 19:16:01,590 - INFO - Datos obtenidos de la fila en la posición 85 de la tabla Licitaciones. Con PK = 01/2020
2025-03-21 19:16:03,535 - INFO - Datos obtenidos de la fila en la posición 86 de la tabla Codigos. Con PK = 001/2022/8641
2025-03-21 19:16:03,535 - INFO - Datos obtenidos de la fila en la posición 86 de la tabla Licitaciones. Con PK = 01/2020 CONSERVACION CASTILLO
2025-03-21 19:16:04,870 - INFO - Datos obtenidos de la fila en la posición 87 de la tabla Codigos. Con PK = 001/2022/9331
2025-03-21 19:16:04,871 - INFO - Datos obtenidos de la fila en la posición 87 de la tabla Licitaciones. Con PK = 01/2022
2025-03-21 19:16:05,736 - INFO - Datos obtenidos de la fila en la posición 88 de la tabla Codigos. Con PK = 001/2023/10437
2025-03-21 19:16:05,737 - INFO - Datos obtenidos de la fila en la posición 88 de la tabla Licitaciones. Con PK = 01/2022 EXPL
2025-03-21 19:16:07,691 - INFO - Datos obtenidos de la fila en la posición 89 de la tabla Codigos. Con PK = 001/2023/10469
2025-03-21 19:16:07,692 - INFO - Datos obtenidos de la fila en la posición 89 de la tabla Licitaciones. Con PK = 01/2023
2025-03-21 19:16:09,604 - INFO - Datos obtenidos de la fila en la posición 90 de la tabla Codigos. Con PK = 001/2023/11443
2025-03-21 19:16:09,604 - INFO - Datos obtenidos de la fila en la posición 90 de la tabla Licitaciones. Con PK = 01088/2022
2025-03-21 19:16:11,675 - INFO - Datos obtenidos de la fila en la posición 91 de la tabla Codigos. Con PK = 001/2023/13066
2025-03-21 19:16:11,676 - INFO - Datos obtenidos de la fila en la posición 91 de la tabla Licitaciones. Con PK = 02/2022
2025-03-21 19:16:13,763 - INFO - Datos obtenidos de la fila en la posición 92 de la tabla Codigos. Con PK = 001/2023/13133
2025-03-21 19:16:13,763 - INFO - Datos obtenidos de la fila en la posición 92 de la tabla Licitaciones. Con PK = 020020210165
2025-03-21 19:16:15,483 - INFO - Datos obtenidos de la fila en la posición 93 de la tabla Codigos. Con PK = 001/2023/2283
2025-03-21 19:16:15,484 - INFO - Datos obtenidos de la fila en la posición 93 de la tabla Licitaciones. Con PK = 020020220193
2025-03-21 19:16:17,409 - INFO - Datos obtenidos de la fila en la posición 94 de la tabla Codigos. Con PK = 001/2023/364
2025-03-21 19:16:17,410 - INFO - Datos obtenidos de la fila en la posición 94 de la tabla Licitaciones. Con PK = 020020220202
2025-03-21 19:16:18,282 - INFO - Datos obtenidos de la fila en la posición 95 de la tabla Codigos. Con PK = 001/2023/4276
2025-03-21 19:16:18,283 - INFO - Datos obtenidos de la fila en la posición 95 de la tabla Licitaciones. Con PK = 03/2022EXPL
2025-03-21 19:16:20,128 - INFO - Datos obtenidos de la fila en la posición 96 de la tabla Codigos. Con PK = 001/2023/689
2025-03-21 19:16:20,128 - INFO - Datos obtenidos de la fila en la posición 96 de la tabla Licitaciones. Con PK = 03/2023EXPL
2025-03-21 19:16:22,004 - INFO - Datos obtenidos de la fila en la posición 97 de la tabla Codigos. Con PK = 001/2023/6956
2025-03-21 19:16:22,005 - INFO - Datos obtenidos de la fila en la posición 97 de la tabla Licitaciones. Con PK = 03/VC-25/22
2025-03-21 19:16:23,899 - INFO - Datos obtenidos de la fila en la posición 98 de la tabla Codigos. Con PK = 001/2023/7616
2025-03-21 19:16:23,900 - INFO - Datos obtenidos de la fila en la posición 98 de la tabla Licitaciones. Con PK = 032023PAS1002
2025-03-21 19:16:26,038 - INFO - Datos obtenidos de la fila en la posición 99 de la tabla Codigos. Con PK = 001/2023/8196
2025-03-21 19:16:26,038 - INFO - Datos obtenidos de la fila en la posición 99 de la tabla Licitaciones. Con PK = 039/2020
2025-03-21 19:16:28,107 - INFO - Datos obtenidos de la fila en la posición 100 de la tabla Codigos. Con PK = 003/2021 _2021/OFI_01/000075
2025-03-21 19:16:28,107 - INFO - Datos obtenidos de la fila en la posición 100 de la tabla Licitaciones. Con PK = 04/2023/EEE
2025-03-21 19:16:29,237 - INFO - Datos obtenidos de la fila en la posición 101 de la tabla Codigos. Con PK = 008-00133/2020
2025-03-21 19:16:29,240 - INFO - Datos obtenidos de la fila en la posición 101 de la tabla Licitaciones. Con PK = 04101/2018/113-O BIS
2025-03-21 19:16:29,243 - INFO - Datos obtenidos de la fila en la posición 102 de la tabla Codigos. Con PK = 008-0069/2021
2025-03-21 19:16:29,244 - INFO - Datos obtenidos de la fila en la posición 102 de la tabla Licitaciones. Con PK = 04101/2019/212-O
2025-03-21 19:16:31,474 - INFO - Datos obtenidos de la fila en la posición 103 de la tabla Codigos. Con PK = 008-0111/2021
2025-03-21 19:16:31,477 - INFO - Datos obtenidos de la fila en la posición 103 de la tabla Licitaciones. Con PK = 04101/2019/223-O
2025-03-21 19:16:33,700 - INFO - Datos obtenidos de la fila en la posición 104 de la tabla Codigos. Con PK = 01/2020
2025-03-21 19:16:33,702 - INFO - Datos obtenidos de la fila en la posición 104 de la tabla Licitaciones. Con PK = 04101/2019/234-O
2025-03-21 19:16:35,368 - INFO - Datos obtenidos de la fila en la posición 105 de la tabla Codigos. Con PK = 01/2020 CONSERVACION CASTILLO
2025-03-21 19:16:35,371 - INFO - Datos obtenidos de la fila en la posición 105 de la tabla Licitaciones. Con PK = 04101/2019/241-O
2025-03-21 19:16:37,336 - INFO - Datos obtenidos de la fila en la posición 106 de la tabla Codigos. Con PK = 01/2022
2025-03-21 19:16:37,337 - INFO - Datos obtenidos de la fila en la posición 106 de la tabla Licitaciones. Con PK = 04101/2019/242-O
2025-03-21 19:16:39,189 - INFO - Datos obtenidos de la fila en la posición 107 de la tabla Codigos. Con PK = 01/2022 EXPL
2025-03-21 19:16:39,189 - INFO - Datos obtenidos de la fila en la posición 107 de la tabla Licitaciones. Con PK = 04101/2019/243-O
2025-03-21 19:16:41,098 - INFO - Datos obtenidos de la fila en la posición 108 de la tabla Codigos. Con PK = 01/2023
2025-03-21 19:16:41,099 - INFO - Datos obtenidos de la fila en la posición 108 de la tabla Licitaciones. Con PK = 04101/2019/249-O
2025-03-21 19:16:42,967 - INFO - Datos obtenidos de la fila en la posición 109 de la tabla Codigos. Con PK = 01088/2022
2025-03-21 19:16:42,968 - INFO - Datos obtenidos de la fila en la posición 109 de la tabla Licitaciones. Con PK = 04101/2019/252-O
2025-03-21 19:16:44,339 - INFO - Datos obtenidos de la fila en la posición 110 de la tabla Codigos. Con PK = 02/2022
2025-03-21 19:16:44,339 - INFO - Datos obtenidos de la fila en la posición 110 de la tabla Licitaciones. Con PK = 04101/2019/254-O
2025-03-21 19:16:46,094 - INFO - Datos obtenidos de la fila en la posición 111 de la tabla Codigos. Con PK = 020020210165
2025-03-21 19:16:46,095 - INFO - Datos obtenidos de la fila en la posición 111 de la tabla Licitaciones. Con PK = 04101/2020/105-O
2025-03-21 19:16:48,612 - INFO - Datos obtenidos de la fila en la posición 112 de la tabla Codigos. Con PK = 020020220193
2025-03-21 19:16:48,612 - INFO - Datos obtenidos de la fila en la posición 112 de la tabla Licitaciones. Con PK = 04101/2020/108-O
2025-03-21 19:16:50,494 - INFO - Datos obtenidos de la fila en la posición 113 de la tabla Codigos. Con PK = 020020220202
2025-03-21 19:16:50,495 - INFO - Datos obtenidos de la fila en la posición 113 de la tabla Licitaciones. Con PK = 04101/2020/109-O
2025-03-21 19:16:52,292 - INFO - Datos obtenidos de la fila en la posición 114 de la tabla Codigos. Con PK = 03/2022EXPL
2025-03-21 19:16:52,292 - INFO - Datos obtenidos de la fila en la posición 114 de la tabla Licitaciones. Con PK = 04101/2020/110-O
2025-03-21 19:16:54,260 - INFO - Datos obtenidos de la fila en la posición 115 de la tabla Codigos. Con PK = 03/2023EXPL
2025-03-21 19:16:54,261 - INFO - Datos obtenidos de la fila en la posición 115 de la tabla Licitaciones. Con PK = 04101/2020/111-O
2025-03-21 19:16:55,688 - INFO - Datos obtenidos de la fila en la posición 116 de la tabla Codigos. Con PK = 03/VC-25/22
2025-03-21 19:16:55,688 - INFO - Datos obtenidos de la fila en la posición 116 de la tabla Licitaciones. Con PK = 04101/2020/113-O
2025-03-21 19:16:57,754 - INFO - Datos obtenidos de la fila en la posición 117 de la tabla Codigos. Con PK = 032023PAS1002
2025-03-21 19:16:57,755 - INFO - Datos obtenidos de la fila en la posición 117 de la tabla Licitaciones. Con PK = 04101/2020/114-O
2025-03-21 19:16:59,753 - INFO - Datos obtenidos de la fila en la posición 118 de la tabla Codigos. Con PK = 039/2020
2025-03-21 19:16:59,753 - INFO - Datos obtenidos de la fila en la posición 118 de la tabla Licitaciones. Con PK = 04101/2020/117-O
2025-03-21 19:17:01,720 - INFO - Datos obtenidos de la fila en la posición 119 de la tabla Codigos. Con PK = 04/2023/EEE
2025-03-21 19:17:01,720 - INFO - Datos obtenidos de la fila en la posición 119 de la tabla Licitaciones. Con PK = 04101/2020/119-O
2025-03-21 19:17:03,973 - INFO - Datos obtenidos de la fila en la posición 120 de la tabla Codigos. Con PK = 04101/2018/113-O BIS
2025-03-21 19:17:03,973 - INFO - Datos obtenidos de la fila en la posición 120 de la tabla Licitaciones. Con PK = 04101/2020/120-O
2025-03-21 19:17:06,892 - INFO - Datos obtenidos de la fila en la posición 121 de la tabla Codigos. Con PK = 04101/2019/212-O
2025-03-21 19:17:06,892 - INFO - Datos obtenidos de la fila en la posición 121 de la tabla Licitaciones. Con PK = 04101/2020/127-O
2025-03-21 19:17:10,212 - INFO - Datos obtenidos de la fila en la posición 122 de la tabla Codigos. Con PK = 04101/2019/223-O
2025-03-21 19:17:10,213 - INFO - Datos obtenidos de la fila en la posición 122 de la tabla Licitaciones. Con PK = 04101/2020/132-O
2025-03-21 19:17:12,399 - INFO - Datos obtenidos de la fila en la posición 123 de la tabla Codigos. Con PK = 04101/2019/234-O
2025-03-21 19:17:12,399 - INFO - Datos obtenidos de la fila en la posición 123 de la tabla Licitaciones. Con PK = 04101/2020/136-O
2025-03-21 19:17:14,773 - INFO - Datos obtenidos de la fila en la posición 124 de la tabla Codigos. Con PK = 04101/2019/241-O
2025-03-21 19:17:14,774 - INFO - Datos obtenidos de la fila en la posición 124 de la tabla Licitaciones. Con PK = 04101/2020/138-O
2025-03-21 19:17:17,248 - INFO - Datos obtenidos de la fila en la posición 125 de la tabla Codigos. Con PK = 04101/2019/242-O
2025-03-21 19:17:17,249 - INFO - Datos obtenidos de la fila en la posición 125 de la tabla Licitaciones. Con PK = 04101/2020/139-O
2025-03-21 19:17:20,460 - INFO - Datos obtenidos de la fila en la posición 126 de la tabla Codigos. Con PK = 04101/2019/243-O
2025-03-21 19:17:20,461 - INFO - Datos obtenidos de la fila en la posición 126 de la tabla Licitaciones. Con PK = 04101/2020/142-O
2025-03-21 19:17:22,547 - INFO - Datos obtenidos de la fila en la posición 127 de la tabla Codigos. Con PK = 04101/2019/249-O
2025-03-21 19:17:22,547 - INFO - Datos obtenidos de la fila en la posición 127 de la tabla Licitaciones. Con PK = 04101/2020/154-O
2025-03-21 19:17:26,523 - INFO - Datos obtenidos de la fila en la posición 128 de la tabla Codigos. Con PK = 04101/2019/252-O
2025-03-21 19:17:26,523 - INFO - Datos obtenidos de la fila en la posición 128 de la tabla Licitaciones. Con PK = 04101/2020/159-O
2025-03-21 19:17:28,759 - INFO - Datos obtenidos de la fila en la posición 129 de la tabla Codigos. Con PK = 04101/2019/254-O
2025-03-21 19:17:28,760 - INFO - Datos obtenidos de la fila en la posición 129 de la tabla Licitaciones. Con PK = 04101/2020/161-O
2025-03-21 19:17:31,678 - INFO - Datos obtenidos de la fila en la posición 130 de la tabla Codigos. Con PK = 04101/2020/105-O
2025-03-21 19:17:31,678 - INFO - Datos obtenidos de la fila en la posición 130 de la tabla Licitaciones. Con PK = 04101/2020/162-O
2025-03-21 19:17:34,049 - INFO - Datos obtenidos de la fila en la posición 131 de la tabla Codigos. Con PK = 04101/2020/108-O
2025-03-21 19:17:34,050 - INFO - Datos obtenidos de la fila en la posición 131 de la tabla Licitaciones. Con PK = 04101/2020/164-O
2025-03-21 19:17:36,046 - INFO - Datos obtenidos de la fila en la posición 132 de la tabla Codigos. Con PK = 04101/2020/109-O
2025-03-21 19:17:36,048 - INFO - Datos obtenidos de la fila en la posición 132 de la tabla Licitaciones. Con PK = 04101/2020/165-O
2025-03-21 19:17:38,417 - INFO - Datos obtenidos de la fila en la posición 133 de la tabla Codigos. Con PK = 04101/2020/110-O
2025-03-21 19:17:38,419 - INFO - Datos obtenidos de la fila en la posición 133 de la tabla Licitaciones. Con PK = 04101/2020/166-O
2025-03-21 19:17:41,335 - INFO - Datos obtenidos de la fila en la posición 134 de la tabla Codigos. Con PK = 04101/2020/111-O
2025-03-21 19:17:41,338 - INFO - Datos obtenidos de la fila en la posición 134 de la tabla Licitaciones. Con PK = 04101/2020/168-O
2025-03-21 19:17:43,862 - INFO - Datos obtenidos de la fila en la posición 135 de la tabla Codigos. Con PK = 04101/2020/113-O
2025-03-21 19:17:43,863 - INFO - Datos obtenidos de la fila en la posición 135 de la tabla Licitaciones. Con PK = 04101/2020/172-O
2025-03-21 19:17:46,383 - INFO - Datos obtenidos de la fila en la posición 136 de la tabla Codigos. Con PK = 04101/2020/114-O
2025-03-21 19:17:46,384 - INFO - Datos obtenidos de la fila en la posición 136 de la tabla Licitaciones. Con PK = 04101/2020/179-O
2025-03-21 19:17:49,173 - INFO - Datos obtenidos de la fila en la posición 137 de la tabla Codigos. Con PK = 04101/2020/117-O
2025-03-21 19:17:49,174 - INFO - Datos obtenidos de la fila en la posición 137 de la tabla Licitaciones. Con PK = 04101/2020/198-O
2025-03-21 19:17:51,625 - INFO - Datos obtenidos de la fila en la posición 138 de la tabla Codigos. Con PK = 04101/2020/119-O
2025-03-21 19:17:51,625 - INFO - Datos obtenidos de la fila en la posición 138 de la tabla Licitaciones. Con PK = 04101/2020/200-O
2025-03-21 19:17:54,037 - INFO - Datos obtenidos de la fila en la posición 139 de la tabla Codigos. Con PK = 04101/2020/120-O
2025-03-21 19:17:54,038 - INFO - Datos obtenidos de la fila en la posición 139 de la tabla Licitaciones. Con PK = 04101/2020/207-O
2025-03-21 19:17:56,548 - INFO - Datos obtenidos de la fila en la posición 140 de la tabla Codigos. Con PK = 04101/2020/127-O
2025-03-21 19:17:56,549 - INFO - Datos obtenidos de la fila en la posición 140 de la tabla Licitaciones. Con PK = 04101/2020/216-O
2025-03-21 19:17:59,863 - INFO - Datos obtenidos de la fila en la posición 141 de la tabla Codigos. Con PK = 04101/2020/132-O
2025-03-21 19:17:59,863 - INFO - Datos obtenidos de la fila en la posición 141 de la tabla Licitaciones. Con PK = 04101/2020/219-O
2025-03-21 19:18:02,150 - INFO - Datos obtenidos de la fila en la posición 142 de la tabla Codigos. Con PK = 04101/2020/136-O
2025-03-21 19:18:02,151 - INFO - Datos obtenidos de la fila en la posición 142 de la tabla Licitaciones. Con PK = 04101/2020/29-O
2025-03-21 19:18:04,644 - INFO - Datos obtenidos de la fila en la posición 143 de la tabla Codigos. Con PK = 04101/2020/138-O
2025-03-21 19:18:04,645 - INFO - Datos obtenidos de la fila en la posición 143 de la tabla Licitaciones. Con PK = 04101/2020/40-O
2025-03-21 19:18:07,297 - INFO - Datos obtenidos de la fila en la posición 144 de la tabla Codigos. Con PK = 04101/2020/139-O
2025-03-21 19:18:07,298 - INFO - Datos obtenidos de la fila en la posición 144 de la tabla Licitaciones. Con PK = 04101/2020/5-O
2025-03-21 19:18:10,212 - INFO - Datos obtenidos de la fila en la posición 145 de la tabla Codigos. Con PK = 04101/2020/142-O
2025-03-21 19:18:10,213 - INFO - Datos obtenidos de la fila en la posición 145 de la tabla Licitaciones. Con PK = 04101/2020/64-O
2025-03-21 19:18:12,388 - INFO - Datos obtenidos de la fila en la posición 146 de la tabla Codigos. Con PK = 04101/2020/154-O
2025-03-21 19:18:12,388 - INFO - Datos obtenidos de la fila en la posición 146 de la tabla Licitaciones. Con PK = 04101/2020/71-O
2025-03-21 19:18:14,845 - INFO - Datos obtenidos de la fila en la posición 147 de la tabla Codigos. Con PK = 04101/2020/159-O
2025-03-21 19:18:14,845 - INFO - Datos obtenidos de la fila en la posición 147 de la tabla Licitaciones. Con PK = 04101/2020/72-O
2025-03-21 19:18:17,473 - INFO - Datos obtenidos de la fila en la posición 148 de la tabla Codigos. Con PK = 04101/2020/161-O
2025-03-21 19:18:17,473 - INFO - Datos obtenidos de la fila en la posición 148 de la tabla Licitaciones. Con PK = 04101/2020/79-O
2025-03-21 19:18:19,841 - INFO - Datos obtenidos de la fila en la posición 149 de la tabla Codigos. Con PK = 04101/2020/162-O
2025-03-21 19:18:19,841 - INFO - Datos obtenidos de la fila en la posición 149 de la tabla Licitaciones. Con PK = 04101/2020/93-O
2025-03-21 19:18:21,863 - INFO - Datos obtenidos de la fila en la posición 150 de la tabla Codigos. Con PK = 04101/2020/164-O
2025-03-21 19:18:21,864 - INFO - Datos obtenidos de la fila en la posición 150 de la tabla Licitaciones. Con PK = 04101/2020/96-O
2025-03-21 19:18:24,717 - INFO - Datos obtenidos de la fila en la posición 151 de la tabla Codigos. Con PK = 04101/2020/165-O
2025-03-21 19:18:24,718 - INFO - Datos obtenidos de la fila en la posición 151 de la tabla Licitaciones. Con PK = 04101/2021/110-O
2025-03-21 19:18:27,679 - INFO - Datos obtenidos de la fila en la posición 152 de la tabla Codigos. Con PK = 04101/2020/166-O
2025-03-21 19:18:27,680 - INFO - Datos obtenidos de la fila en la posición 152 de la tabla Licitaciones. Con PK = 04101/2021/158-O
2025-03-21 19:18:29,727 - INFO - Datos obtenidos de la fila en la posición 153 de la tabla Codigos. Con PK = 04101/2020/168-O
2025-03-21 19:18:29,728 - INFO - Datos obtenidos de la fila en la posición 153 de la tabla Licitaciones. Con PK = 04101/2021/160-O
2025-03-21 19:18:32,881 - INFO - Datos obtenidos de la fila en la posición 154 de la tabla Codigos. Con PK = 04101/2020/172-O
2025-03-21 19:18:32,882 - INFO - Datos obtenidos de la fila en la posición 154 de la tabla Licitaciones. Con PK = 04101/2021/163-O
2025-03-21 19:18:36,428 - INFO - Datos obtenidos de la fila en la posición 155 de la tabla Codigos. Con PK = 04101/2020/179-O
2025-03-21 19:18:36,429 - INFO - Datos obtenidos de la fila en la posición 155 de la tabla Licitaciones. Con PK = 04101/2021/164-O
2025-03-21 19:18:38,529 - INFO - Datos obtenidos de la fila en la posición 156 de la tabla Codigos. Con PK = 04101/2020/198-O
2025-03-21 19:18:38,530 - INFO - Datos obtenidos de la fila en la posición 156 de la tabla Licitaciones. Con PK = 04101/2021/165-O
2025-03-21 19:18:40,798 - INFO - Datos obtenidos de la fila en la posición 157 de la tabla Codigos. Con PK = 04101/2020/200-O
2025-03-21 19:18:40,811 - INFO - Datos obtenidos de la fila en la posición 157 de la tabla Licitaciones. Con PK = 04101/2021/16-O
2025-03-21 19:18:43,120 - INFO - Datos obtenidos de la fila en la posición 158 de la tabla Codigos. Con PK = 04101/2020/207-O
2025-03-21 19:18:43,126 - INFO - Datos obtenidos de la fila en la posición 158 de la tabla Licitaciones. Con PK = 04101/2021/171-O
2025-03-21 19:18:46,067 - INFO - Datos obtenidos de la fila en la posición 159 de la tabla Codigos. Con PK = 04101/2020/216-O
2025-03-21 19:18:46,070 - INFO - Datos obtenidos de la fila en la posición 159 de la tabla Licitaciones. Con PK = 04101/2021/178-O
2025-03-21 19:18:48,401 - INFO - Datos obtenidos de la fila en la posición 160 de la tabla Codigos. Con PK = 04101/2020/219-O
2025-03-21 19:18:48,402 - INFO - Datos obtenidos de la fila en la posición 160 de la tabla Licitaciones. Con PK = 04101/2021/180-O
2025-03-21 19:18:51,001 - INFO - Datos obtenidos de la fila en la posición 161 de la tabla Codigos. Con PK = 04101/2020/29-O
2025-03-21 19:18:51,002 - INFO - Datos obtenidos de la fila en la posición 161 de la tabla Licitaciones. Con PK = 04101/2021/188-O
2025-03-21 19:18:53,734 - INFO - Datos obtenidos de la fila en la posición 162 de la tabla Codigos. Con PK = 04101/2020/40-O
2025-03-21 19:18:53,735 - INFO - Datos obtenidos de la fila en la posición 162 de la tabla Licitaciones. Con PK = 04101/2021/189-O
2025-03-21 19:18:56,738 - INFO - Datos obtenidos de la fila en la posición 163 de la tabla Codigos. Con PK = 04101/2020/5-O
2025-03-21 19:18:56,739 - INFO - Datos obtenidos de la fila en la posición 163 de la tabla Licitaciones. Con PK = 04101/2021/189-O BIS
2025-03-21 19:18:56,739 - INFO - Datos obtenidos de la fila en la posición 164 de la tabla Codigos. Con PK = 04101/2020/64-O
2025-03-21 19:18:56,740 - INFO - Datos obtenidos de la fila en la posición 164 de la tabla Licitaciones. Con PK = 04101/2021/190-O
2025-03-21 19:18:58,952 - INFO - Datos obtenidos de la fila en la posición 165 de la tabla Codigos. Con PK = 04101/2020/71-O
2025-03-21 19:18:58,953 - INFO - Datos obtenidos de la fila en la posición 165 de la tabla Licitaciones. Con PK = 04101/2021/191-O
2025-03-21 19:19:01,040 - INFO - Datos obtenidos de la fila en la posición 166 de la tabla Codigos. Con PK = 04101/2020/72-O
2025-03-21 19:19:01,040 - INFO - Datos obtenidos de la fila en la posición 166 de la tabla Licitaciones. Con PK = 04101/2021/195-O
2025-03-21 19:19:03,612 - INFO - Datos obtenidos de la fila en la posición 167 de la tabla Codigos. Con PK = 04101/2020/79-O
2025-03-21 19:19:03,613 - INFO - Datos obtenidos de la fila en la posición 167 de la tabla Licitaciones. Con PK = 04101/2021/200-O
2025-03-21 19:19:05,937 - INFO - Datos obtenidos de la fila en la posición 168 de la tabla Codigos. Con PK = 04101/2020/93-O
2025-03-21 19:19:05,938 - INFO - Datos obtenidos de la fila en la posición 168 de la tabla Licitaciones. Con PK = 04101/2021/200-O BIS
2025-03-21 19:19:05,938 - INFO - Datos obtenidos de la fila en la posición 169 de la tabla Codigos. Con PK = 04101/2020/96-O
2025-03-21 19:19:05,939 - INFO - Datos obtenidos de la fila en la posición 169 de la tabla Licitaciones. Con PK = 04101/2021/211-O
2025-03-21 19:19:08,174 - INFO - Datos obtenidos de la fila en la posición 170 de la tabla Codigos. Con PK = 04101/2021/110-O
2025-03-21 19:19:08,175 - INFO - Datos obtenidos de la fila en la posición 170 de la tabla Licitaciones. Con PK = 04101/2021/213-O
2025-03-21 19:19:10,708 - INFO - Datos obtenidos de la fila en la posición 171 de la tabla Codigos. Con PK = 04101/2021/158-O
2025-03-21 19:19:10,709 - INFO - Datos obtenidos de la fila en la posición 171 de la tabla Licitaciones. Con PK = 04101/2021/216-O
2025-03-21 19:19:13,203 - INFO - Datos obtenidos de la fila en la posición 172 de la tabla Codigos. Con PK = 04101/2021/160-O
2025-03-21 19:19:13,204 - INFO - Datos obtenidos de la fila en la posición 172 de la tabla Licitaciones. Con PK = 04101/2021/217-O
2025-03-21 19:19:15,791 - INFO - Datos obtenidos de la fila en la posición 173 de la tabla Codigos. Con PK = 04101/2021/163-O
2025-03-21 19:19:15,792 - INFO - Datos obtenidos de la fila en la posición 173 de la tabla Licitaciones. Con PK = 04101/2021/227-O
2025-03-21 19:19:18,010 - INFO - Datos obtenidos de la fila en la posición 174 de la tabla Codigos. Con PK = 04101/2021/164-O
2025-03-21 19:19:18,011 - INFO - Datos obtenidos de la fila en la posición 174 de la tabla Licitaciones. Con PK = 04101/2021/229-O
2025-03-21 19:19:20,274 - INFO - Datos obtenidos de la fila en la posición 175 de la tabla Codigos. Con PK = 04101/2021/165-O
2025-03-21 19:19:20,275 - INFO - Datos obtenidos de la fila en la posición 175 de la tabla Licitaciones. Con PK = 04101/2021/233-O
2025-03-21 19:19:22,638 - INFO - Datos obtenidos de la fila en la posición 176 de la tabla Codigos. Con PK = 04101/2021/16-O
2025-03-21 19:19:22,639 - INFO - Datos obtenidos de la fila en la posición 176 de la tabla Licitaciones. Con PK = 04101/2021/23-O
2025-03-21 19:19:24,971 - INFO - Datos obtenidos de la fila en la posición 177 de la tabla Codigos. Con PK = 04101/2021/171-O
2025-03-21 19:19:24,971 - INFO - Datos obtenidos de la fila en la posición 177 de la tabla Licitaciones. Con PK = 04101/2021/247-O
2025-03-21 19:19:27,722 - INFO - Datos obtenidos de la fila en la posición 178 de la tabla Codigos. Con PK = 04101/2021/178-O
2025-03-21 19:19:27,722 - INFO - Datos obtenidos de la fila en la posición 178 de la tabla Licitaciones. Con PK = 04101/2021/249-O
2025-03-21 19:19:29,915 - INFO - Datos obtenidos de la fila en la posición 179 de la tabla Codigos. Con PK = 04101/2021/180-O
2025-03-21 19:19:29,916 - INFO - Datos obtenidos de la fila en la posición 179 de la tabla Licitaciones. Con PK = 04101/2021/251-O
2025-03-21 19:19:33,552 - INFO - Datos obtenidos de la fila en la posición 180 de la tabla Codigos. Con PK = 04101/2021/188-O
2025-03-21 19:19:33,553 - INFO - Datos obtenidos de la fila en la posición 180 de la tabla Licitaciones. Con PK = 04101/2021/252-O
2025-03-21 19:19:35,884 - INFO - Datos obtenidos de la fila en la posición 181 de la tabla Codigos. Con PK = 04101/2021/189-O
2025-03-21 19:19:35,885 - INFO - Datos obtenidos de la fila en la posición 181 de la tabla Licitaciones. Con PK = 04101/2021/253-O
2025-03-21 19:19:38,084 - INFO - Datos obtenidos de la fila en la posición 182 de la tabla Codigos. Con PK = 04101/2021/189-O BIS
2025-03-21 19:19:38,085 - INFO - Datos obtenidos de la fila en la posición 182 de la tabla Licitaciones. Con PK = 04101/2021/254-O
2025-03-21 19:19:40,652 - INFO - Datos obtenidos de la fila en la posición 183 de la tabla Codigos. Con PK = 04101/2021/190-O
2025-03-21 19:19:40,653 - INFO - Datos obtenidos de la fila en la posición 183 de la tabla Licitaciones. Con PK = 04101/2021/257-O
2025-03-21 19:19:42,922 - INFO - Datos obtenidos de la fila en la posición 184 de la tabla Codigos. Con PK = 04101/2021/191-O
2025-03-21 19:19:42,923 - INFO - Datos obtenidos de la fila en la posición 184 de la tabla Licitaciones. Con PK = 04101/2021/259-O
2025-03-21 19:19:45,550 - INFO - Datos obtenidos de la fila en la posición 185 de la tabla Codigos. Con PK = 04101/2021/195-O
2025-03-21 19:19:45,551 - INFO - Datos obtenidos de la fila en la posición 185 de la tabla Licitaciones. Con PK = 04101/2021/31-O
2025-03-21 19:19:48,154 - INFO - Datos obtenidos de la fila en la posición 186 de la tabla Codigos. Con PK = 04101/2021/200-O
2025-03-21 19:19:48,158 - INFO - Datos obtenidos de la fila en la posición 186 de la tabla Licitaciones. Con PK = 04101/2021/33-O
2025-03-21 19:19:49,467 - INFO - Datos obtenidos de la fila en la posición 187 de la tabla Codigos. Con PK = 04101/2021/200-O BIS
2025-03-21 19:19:49,470 - INFO - Datos obtenidos de la fila en la posición 187 de la tabla Licitaciones. Con PK = 04101/2021/37-O
2025-03-21 19:19:51,350 - INFO - Datos obtenidos de la fila en la posición 188 de la tabla Codigos. Con PK = 04101/2021/211-O
2025-03-21 19:19:51,353 - INFO - Datos obtenidos de la fila en la posición 188 de la tabla Licitaciones. Con PK = 04101/2021/42-O
2025-03-21 19:19:53,944 - INFO - Datos obtenidos de la fila en la posición 189 de la tabla Codigos. Con PK = 04101/2021/213-O
2025-03-21 19:19:53,945 - INFO - Datos obtenidos de la fila en la posición 189 de la tabla Licitaciones. Con PK = 04101/2021/44-O
2025-03-21 19:19:56,392 - INFO - Datos obtenidos de la fila en la posición 190 de la tabla Codigos. Con PK = 04101/2021/216-O
2025-03-21 19:19:56,392 - INFO - Datos obtenidos de la fila en la posición 190 de la tabla Licitaciones. Con PK = 04101/2021/45-O
2025-03-21 19:19:59,379 - INFO - Datos obtenidos de la fila en la posición 191 de la tabla Codigos. Con PK = 04101/2021/217-O
2025-03-21 19:19:59,380 - INFO - Datos obtenidos de la fila en la posición 191 de la tabla Licitaciones. Con PK = 04101/2021/46-O
2025-03-21 19:20:01,640 - INFO - Datos obtenidos de la fila en la posición 192 de la tabla Codigos. Con PK = 04101/2021/227-O
2025-03-21 19:20:01,641 - INFO - Datos obtenidos de la fila en la posición 192 de la tabla Licitaciones. Con PK = 04101/2021/71-O
2025-03-21 19:20:03,933 - INFO - Datos obtenidos de la fila en la posición 193 de la tabla Codigos. Con PK = 04101/2021/229-O
2025-03-21 19:20:03,934 - INFO - Datos obtenidos de la fila en la posición 193 de la tabla Licitaciones. Con PK = 04101/2021/74-O
2025-03-21 19:20:07,164 - INFO - Datos obtenidos de la fila en la posición 194 de la tabla Codigos. Con PK = 04101/2021/233-O
2025-03-21 19:20:07,165 - INFO - Datos obtenidos de la fila en la posición 194 de la tabla Licitaciones. Con PK = 04101/2021/7-O
2025-03-21 19:20:09,507 - INFO - Datos obtenidos de la fila en la posición 195 de la tabla Codigos. Con PK = 04101/2021/23-O
2025-03-21 19:20:09,508 - INFO - Datos obtenidos de la fila en la posición 195 de la tabla Licitaciones. Con PK = 04101/2021/87-O
2025-03-21 19:20:11,858 - INFO - Datos obtenidos de la fila en la posición 196 de la tabla Codigos. Con PK = 04101/2021/247-O
2025-03-21 19:20:11,858 - INFO - Datos obtenidos de la fila en la posición 196 de la tabla Licitaciones. Con PK = 04101/2021/89-O
2025-03-21 19:20:13,889 - INFO - Datos obtenidos de la fila en la posición 197 de la tabla Codigos. Con PK = 04101/2021/249-O
2025-03-21 19:20:13,889 - INFO - Datos obtenidos de la fila en la posición 197 de la tabla Licitaciones. Con PK = 04101/2021/94-O
2025-03-21 19:20:16,104 - INFO - Datos obtenidos de la fila en la posición 198 de la tabla Codigos. Con PK = 04101/2021/251-O
2025-03-21 19:20:16,105 - INFO - Datos obtenidos de la fila en la posición 198 de la tabla Licitaciones. Con PK = 04101/2021/96-O
2025-03-21 19:20:19,371 - INFO - Datos obtenidos de la fila en la posición 199 de la tabla Codigos. Con PK = 04101/2021/252-O
2025-03-21 19:20:19,372 - INFO - Datos obtenidos de la fila en la posición 199 de la tabla Licitaciones. Con PK = 04101/2021/98-O
2025-03-21 19:20:21,740 - INFO - Datos obtenidos de la fila en la posición 200 de la tabla Codigos. Con PK = 04101/2021/253-O
2025-03-21 19:20:21,740 - INFO - Datos obtenidos de la fila en la posición 200 de la tabla Licitaciones. Con PK = 04101/2022/104-O
2025-03-21 19:20:23,786 - INFO - Datos obtenidos de la fila en la posición 201 de la tabla Codigos. Con PK = 04101/2021/254-O
2025-03-21 19:20:23,787 - INFO - Datos obtenidos de la fila en la posición 201 de la tabla Licitaciones. Con PK = 04101/2022/107-O
2025-03-21 19:20:26,042 - INFO - Datos obtenidos de la fila en la posición 202 de la tabla Codigos. Con PK = 04101/2021/257-O
2025-03-21 19:20:26,043 - INFO - Datos obtenidos de la fila en la posición 202 de la tabla Licitaciones. Con PK = 04101/2022/109-O
2025-03-21 19:20:28,365 - INFO - Datos obtenidos de la fila en la posición 203 de la tabla Codigos. Con PK = 04101/2021/259-O
2025-03-21 19:20:28,366 - INFO - Datos obtenidos de la fila en la posición 203 de la tabla Licitaciones. Con PK = 04101/2022/115-O
2025-03-21 19:20:30,851 - INFO - Datos obtenidos de la fila en la posición 204 de la tabla Codigos. Con PK = 04101/2021/31-O
2025-03-21 19:20:30,851 - INFO - Datos obtenidos de la fila en la posición 204 de la tabla Licitaciones. Con PK = 04101/2022/117-O
2025-03-21 19:20:33,645 - INFO - Datos obtenidos de la fila en la posición 205 de la tabla Codigos. Con PK = 04101/2021/33-O
2025-03-21 19:20:33,646 - INFO - Datos obtenidos de la fila en la posición 205 de la tabla Licitaciones. Con PK = 04101/2022/118-O
2025-03-21 19:20:36,928 - INFO - Datos obtenidos de la fila en la posición 206 de la tabla Codigos. Con PK = 04101/2021/37-O
2025-03-21 19:20:36,929 - INFO - Datos obtenidos de la fila en la posición 206 de la tabla Licitaciones. Con PK = 04101/2022/120-O
2025-03-21 19:20:39,173 - INFO - Datos obtenidos de la fila en la posición 207 de la tabla Codigos. Con PK = 04101/2021/42-O
2025-03-21 19:20:39,174 - INFO - Datos obtenidos de la fila en la posición 207 de la tabla Licitaciones. Con PK = 04101/2022/123-O
2025-03-21 19:20:41,590 - INFO - Datos obtenidos de la fila en la posición 208 de la tabla Codigos. Con PK = 04101/2021/44-O
2025-03-21 19:20:41,591 - INFO - Datos obtenidos de la fila en la posición 208 de la tabla Licitaciones. Con PK = 04101/2022/123-O BIS
2025-03-21 19:20:41,592 - INFO - Datos obtenidos de la fila en la posición 209 de la tabla Codigos. Con PK = 04101/2021/45-O
2025-03-21 19:20:41,592 - INFO - Datos obtenidos de la fila en la posición 209 de la tabla Licitaciones. Con PK = 04101/2022/127-O
2025-03-21 19:20:44,067 - INFO - Datos obtenidos de la fila en la posición 210 de la tabla Codigos. Con PK = 04101/2021/46-O
2025-03-21 19:20:44,068 - INFO - Datos obtenidos de la fila en la posición 210 de la tabla Licitaciones. Con PK = 04101/2022/131-O
2025-03-21 19:20:46,865 - INFO - Datos obtenidos de la fila en la posición 211 de la tabla Codigos. Con PK = 04101/2021/71-O
2025-03-21 19:20:46,866 - INFO - Datos obtenidos de la fila en la posición 211 de la tabla Licitaciones. Con PK = 04101/2022/131-O BIS
2025-03-21 19:20:46,867 - INFO - Datos obtenidos de la fila en la posición 212 de la tabla Codigos. Con PK = 04101/2021/74-O
2025-03-21 19:20:46,868 - INFO - Datos obtenidos de la fila en la posición 212 de la tabla Licitaciones. Con PK = 04101/2022/148-O
2025-03-21 19:20:49,267 - INFO - Datos obtenidos de la fila en la posición 213 de la tabla Codigos. Con PK = 04101/2021/7-O
2025-03-21 19:20:49,268 - INFO - Datos obtenidos de la fila en la posición 213 de la tabla Licitaciones. Con PK = 04101/2022/151-O
2025-03-21 19:20:50,880 - INFO - Datos obtenidos de la fila en la posición 214 de la tabla Codigos. Con PK = 04101/2021/87-O
2025-03-21 19:20:50,882 - INFO - Datos obtenidos de la fila en la posición 214 de la tabla Licitaciones. Con PK = 04101/2022/152-O
2025-03-21 19:20:50,966 - INFO - Datos obtenidos de la fila en la posición 215 de la tabla Codigos. Con PK = 04101/2021/89-O
2025-03-21 19:20:50,967 - INFO - Datos obtenidos de la fila en la posición 215 de la tabla Licitaciones. Con PK = 04101/2022/162-O
2025-03-21 19:20:50,982 - INFO - Datos obtenidos de la fila en la posición 216 de la tabla Codigos. Con PK = 04101/2021/94-O
2025-03-21 19:20:50,983 - INFO - Datos obtenidos de la fila en la posición 216 de la tabla Licitaciones. Con PK = 04101/2022/169-O
2025-03-21 19:20:50,998 - INFO - Datos obtenidos de la fila en la posición 217 de la tabla Codigos. Con PK = 04101/2021/96-O
2025-03-21 19:20:50,999 - INFO - Datos obtenidos de la fila en la posición 217 de la tabla Licitaciones. Con PK = 04101/2022/173-O
2025-03-21 19:20:51,014 - INFO - Datos obtenidos de la fila en la posición 218 de la tabla Codigos. Con PK = 04101/2021/98-O
2025-03-21 19:20:51,014 - INFO - Datos obtenidos de la fila en la posición 218 de la tabla Licitaciones. Con PK = 04101/2022/177-O
2025-03-21 19:20:51,030 - INFO - Datos obtenidos de la fila en la posición 219 de la tabla Codigos. Con PK = 04101/2022/104-O
2025-03-21 19:20:51,031 - INFO - Datos obtenidos de la fila en la posición 219 de la tabla Licitaciones. Con PK = 04101/2022/182-O
2025-03-21 19:20:51,046 - INFO - Datos obtenidos de la fila en la posición 220 de la tabla Codigos. Con PK = 04101/2022/107-O
2025-03-21 19:20:51,047 - INFO - Datos obtenidos de la fila en la posición 220 de la tabla Licitaciones. Con PK = 04101/2022/186-O
2025-03-21 19:20:51,066 - INFO - Datos obtenidos de la fila en la posición 221 de la tabla Codigos. Con PK = 04101/2022/109-O
2025-03-21 19:20:51,066 - INFO - Datos obtenidos de la fila en la posición 221 de la tabla Licitaciones. Con PK = 04101/2022/187-O
2025-03-21 19:20:51,082 - INFO - Datos obtenidos de la fila en la posición 222 de la tabla Codigos. Con PK = 04101/2022/115-O
2025-03-21 19:20:51,083 - INFO - Datos obtenidos de la fila en la posición 222 de la tabla Licitaciones. Con PK = 04101/2022/188-O
2025-03-21 19:20:51,101 - INFO - Datos obtenidos de la fila en la posición 223 de la tabla Codigos. Con PK = 04101/2022/117-O
2025-03-21 19:20:51,102 - INFO - Datos obtenidos de la fila en la posición 223 de la tabla Licitaciones. Con PK = 04101/2022/189-O
2025-03-21 19:20:51,119 - INFO - Datos obtenidos de la fila en la posición 224 de la tabla Codigos. Con PK = 04101/2022/118-O
2025-03-21 19:20:51,119 - INFO - Datos obtenidos de la fila en la posición 224 de la tabla Licitaciones. Con PK = 04101/2022/190-O
2025-03-21 19:20:51,136 - INFO - Datos obtenidos de la fila en la posición 225 de la tabla Codigos. Con PK = 04101/2022/120-O
2025-03-21 19:20:51,137 - INFO - Datos obtenidos de la fila en la posición 225 de la tabla Licitaciones. Con PK = 04101/2022/191-O
2025-03-21 19:20:51,155 - INFO - Datos obtenidos de la fila en la posición 226 de la tabla Codigos. Con PK = 04101/2022/123-O
2025-03-21 19:20:51,156 - INFO - Datos obtenidos de la fila en la posición 226 de la tabla Licitaciones. Con PK = 04101/2022/192-O
2025-03-21 19:20:51,172 - INFO - Datos obtenidos de la fila en la posición 227 de la tabla Codigos. Con PK = 04101/2022/123-O BIS
2025-03-21 19:20:51,173 - INFO - Datos obtenidos de la fila en la posición 227 de la tabla Licitaciones. Con PK = 04101/2022/193-O
2025-03-21 19:20:51,190 - INFO - Datos obtenidos de la fila en la posición 228 de la tabla Codigos. Con PK = 04101/2022/127-O
2025-03-21 19:20:51,191 - INFO - Datos obtenidos de la fila en la posición 228 de la tabla Licitaciones. Con PK = 04101/2022/200-O
2025-03-21 19:20:51,206 - INFO - Datos obtenidos de la fila en la posición 229 de la tabla Codigos. Con PK = 04101/2022/131-O
2025-03-21 19:20:51,207 - INFO - Datos obtenidos de la fila en la posición 229 de la tabla Licitaciones. Con PK = 04101/2022/212-O
2025-03-21 19:20:51,222 - INFO - Datos obtenidos de la fila en la posición 230 de la tabla Codigos. Con PK = 04101/2022/131-O BIS
2025-03-21 19:20:51,223 - INFO - Datos obtenidos de la fila en la posición 230 de la tabla Licitaciones. Con PK = 04101/2022/221-O
2025-03-21 19:20:51,237 - INFO - Datos obtenidos de la fila en la posición 231 de la tabla Codigos. Con PK = 04101/2022/148-O
2025-03-21 19:20:51,237 - INFO - Datos obtenidos de la fila en la posición 231 de la tabla Licitaciones. Con PK = 04101/2022/232-O
2025-03-21 19:20:51,251 - INFO - Datos obtenidos de la fila en la posición 232 de la tabla Codigos. Con PK = 04101/2022/151-O
2025-03-21 19:20:51,252 - INFO - Datos obtenidos de la fila en la posición 232 de la tabla Licitaciones. Con PK = 04101/2022/233-O
2025-03-21 19:20:51,265 - INFO - Datos obtenidos de la fila en la posición 233 de la tabla Codigos. Con PK = 04101/2022/152-O
2025-03-21 19:20:51,266 - INFO - Datos obtenidos de la fila en la posición 233 de la tabla Licitaciones. Con PK = 04101/2022/234-O
2025-03-21 19:20:51,280 - INFO - Datos obtenidos de la fila en la posición 234 de la tabla Codigos. Con PK = 04101/2022/162-O
2025-03-21 19:20:51,280 - INFO - Datos obtenidos de la fila en la posición 234 de la tabla Licitaciones. Con PK = 04101/2022/235-O
2025-03-21 19:20:51,294 - INFO - Datos obtenidos de la fila en la posición 235 de la tabla Codigos. Con PK = 04101/2022/169-O
2025-03-21 19:20:51,295 - INFO - Datos obtenidos de la fila en la posición 235 de la tabla Licitaciones. Con PK = 04101/2022/236-O
2025-03-21 19:20:51,310 - INFO - Datos obtenidos de la fila en la posición 236 de la tabla Codigos. Con PK = 04101/2022/173-O
2025-03-21 19:20:51,311 - INFO - Datos obtenidos de la fila en la posición 236 de la tabla Licitaciones. Con PK = 04101/2022/237-O
2025-03-21 19:20:51,324 - INFO - Datos obtenidos de la fila en la posición 237 de la tabla Codigos. Con PK = 04101/2022/177-O
2025-03-21 19:20:51,325 - INFO - Datos obtenidos de la fila en la posición 237 de la tabla Licitaciones. Con PK = 04101/2022/239-O
2025-03-21 19:20:51,339 - INFO - Datos obtenidos de la fila en la posición 238 de la tabla Codigos. Con PK = 04101/2022/182-O
2025-03-21 19:20:51,340 - INFO - Datos obtenidos de la fila en la posición 238 de la tabla Licitaciones. Con PK = 04101/2022/240-O
2025-03-21 19:20:51,354 - INFO - Datos obtenidos de la fila en la posición 239 de la tabla Codigos. Con PK = 04101/2022/186-O
2025-03-21 19:20:51,354 - INFO - Datos obtenidos de la fila en la posición 239 de la tabla Licitaciones. Con PK = 04101/2022/242-O
2025-03-21 19:20:51,369 - INFO - Datos obtenidos de la fila en la posición 240 de la tabla Codigos. Con PK = 04101/2022/187-O
2025-03-21 19:20:51,369 - INFO - Datos obtenidos de la fila en la posición 240 de la tabla Licitaciones. Con PK = 04101/2022/243-O
2025-03-21 19:20:51,383 - INFO - Datos obtenidos de la fila en la posición 241 de la tabla Codigos. Con PK = 04101/2022/188-O
2025-03-21 19:20:51,384 - INFO - Datos obtenidos de la fila en la posición 241 de la tabla Licitaciones. Con PK = 04101/2022/247-O
2025-03-21 19:20:51,399 - INFO - Datos obtenidos de la fila en la posición 242 de la tabla Codigos. Con PK = 04101/2022/189-O
2025-03-21 19:20:51,400 - INFO - Datos obtenidos de la fila en la posición 242 de la tabla Licitaciones. Con PK = 04101/2022/250-O
2025-03-21 19:20:51,416 - INFO - Datos obtenidos de la fila en la posición 243 de la tabla Codigos. Con PK = 04101/2022/190-O
2025-03-21 19:20:51,417 - INFO - Datos obtenidos de la fila en la posición 243 de la tabla Licitaciones. Con PK = 04101/2022/257-O
2025-03-21 19:20:51,432 - INFO - Datos obtenidos de la fila en la posición 244 de la tabla Codigos. Con PK = 04101/2022/191-O
2025-03-21 19:20:51,433 - INFO - Datos obtenidos de la fila en la posición 244 de la tabla Licitaciones. Con PK = 04101/2022/260-O
2025-03-21 19:20:51,449 - INFO - Datos obtenidos de la fila en la posición 245 de la tabla Codigos. Con PK = 04101/2022/192-O
2025-03-21 19:20:51,450 - INFO - Datos obtenidos de la fila en la posición 245 de la tabla Licitaciones. Con PK = 04101/2022/266-O
2025-03-21 19:20:51,466 - INFO - Datos obtenidos de la fila en la posición 246 de la tabla Codigos. Con PK = 04101/2022/193-O
2025-03-21 19:20:51,467 - INFO - Datos obtenidos de la fila en la posición 246 de la tabla Licitaciones. Con PK = 04101/2022/26-O
2025-03-21 19:20:51,482 - INFO - Datos obtenidos de la fila en la posición 247 de la tabla Codigos. Con PK = 04101/2022/200-O
2025-03-21 19:20:51,483 - INFO - Datos obtenidos de la fila en la posición 247 de la tabla Licitaciones. Con PK = 04101/2022/270-O
2025-03-21 19:20:51,499 - INFO - Datos obtenidos de la fila en la posición 248 de la tabla Codigos. Con PK = 04101/2022/212-O
2025-03-21 19:20:51,500 - INFO - Datos obtenidos de la fila en la posición 248 de la tabla Licitaciones. Con PK = 04101/2022/271-O
2025-03-21 19:20:51,515 - INFO - Datos obtenidos de la fila en la posición 249 de la tabla Codigos. Con PK = 04101/2022/221-O
2025-03-21 19:20:51,516 - INFO - Datos obtenidos de la fila en la posición 249 de la tabla Licitaciones. Con PK = 04101/2022/287-O
2025-03-21 19:20:51,534 - INFO - Datos obtenidos de la fila en la posición 250 de la tabla Codigos. Con PK = 04101/2022/232-O
2025-03-21 19:20:51,534 - INFO - Datos obtenidos de la fila en la posición 250 de la tabla Licitaciones. Con PK = 04101/2022/290-O
2025-03-21 19:20:51,551 - INFO - Datos obtenidos de la fila en la posición 251 de la tabla Codigos. Con PK = 04101/2022/233-O
2025-03-21 19:20:51,551 - INFO - Datos obtenidos de la fila en la posición 251 de la tabla Licitaciones. Con PK = 04101/2022/291-O
2025-03-21 19:20:51,568 - INFO - Datos obtenidos de la fila en la posición 252 de la tabla Codigos. Con PK = 04101/2022/234-O
2025-03-21 19:20:51,569 - INFO - Datos obtenidos de la fila en la posición 252 de la tabla Licitaciones. Con PK = 04101/2022/292-O
2025-03-21 19:20:51,584 - INFO - Datos obtenidos de la fila en la posición 253 de la tabla Codigos. Con PK = 04101/2022/235-O
2025-03-21 19:20:51,584 - INFO - Datos obtenidos de la fila en la posición 253 de la tabla Licitaciones. Con PK = 04101/2022/298-O
2025-03-21 19:20:51,599 - INFO - Datos obtenidos de la fila en la posición 254 de la tabla Codigos. Con PK = 04101/2022/236-O
2025-03-21 19:20:51,600 - INFO - Datos obtenidos de la fila en la posición 254 de la tabla Licitaciones. Con PK = 04101/2022/301-O
2025-03-21 19:20:51,614 - INFO - Datos obtenidos de la fila en la posición 255 de la tabla Codigos. Con PK = 04101/2022/237-O
2025-03-21 19:20:51,615 - INFO - Datos obtenidos de la fila en la posición 255 de la tabla Licitaciones. Con PK = 04101/2022/304-O
2025-03-21 19:20:51,630 - INFO - Datos obtenidos de la fila en la posición 256 de la tabla Codigos. Con PK = 04101/2022/239-O
2025-03-21 19:20:51,631 - INFO - Datos obtenidos de la fila en la posición 256 de la tabla Licitaciones. Con PK = 04101/2022/30-O
2025-03-21 19:20:51,652 - INFO - Datos obtenidos de la fila en la posición 257 de la tabla Codigos. Con PK = 04101/2022/240-O
2025-03-21 19:20:51,653 - INFO - Datos obtenidos de la fila en la posición 257 de la tabla Licitaciones. Con PK = 04101/2022/318-O
2025-03-21 19:20:51,668 - INFO - Datos obtenidos de la fila en la posición 258 de la tabla Codigos. Con PK = 04101/2022/242-O
2025-03-21 19:20:51,669 - INFO - Datos obtenidos de la fila en la posición 258 de la tabla Licitaciones. Con PK = 04101/2022/319-O
2025-03-21 19:20:51,684 - INFO - Datos obtenidos de la fila en la posición 259 de la tabla Codigos. Con PK = 04101/2022/243-O
2025-03-21 19:20:51,685 - INFO - Datos obtenidos de la fila en la posición 259 de la tabla Licitaciones. Con PK = 04101/2022/323-O
2025-03-21 19:20:51,699 - INFO - Datos obtenidos de la fila en la posición 260 de la tabla Codigos. Con PK = 04101/2022/247-O
2025-03-21 19:20:51,700 - INFO - Datos obtenidos de la fila en la posición 260 de la tabla Licitaciones. Con PK = 04101/2022/326-O
2025-03-21 19:20:51,715 - INFO - Datos obtenidos de la fila en la posición 261 de la tabla Codigos. Con PK = 04101/2022/250-O
2025-03-21 19:20:51,716 - INFO - Datos obtenidos de la fila en la posición 261 de la tabla Licitaciones. Con PK = 04101/2022/32-O
2025-03-21 19:20:51,730 - INFO - Datos obtenidos de la fila en la posición 262 de la tabla Codigos. Con PK = 04101/2022/257-O
2025-03-21 19:20:51,731 - INFO - Datos obtenidos de la fila en la posición 262 de la tabla Licitaciones. Con PK = 04101/2022/331-O
2025-03-21 19:20:51,748 - INFO - Datos obtenidos de la fila en la posición 263 de la tabla Codigos. Con PK = 04101/2022/260-O
2025-03-21 19:20:51,748 - INFO - Datos obtenidos de la fila en la posición 263 de la tabla Licitaciones. Con PK = 04101/2022/333-O
2025-03-21 19:20:51,763 - INFO - Datos obtenidos de la fila en la posición 264 de la tabla Codigos. Con PK = 04101/2022/266-O
2025-03-21 19:20:51,764 - INFO - Datos obtenidos de la fila en la posición 264 de la tabla Licitaciones. Con PK = 04101/2022/335-O
2025-03-21 19:20:51,778 - INFO - Datos obtenidos de la fila en la posición 265 de la tabla Codigos. Con PK = 04101/2022/26-O
2025-03-21 19:20:51,779 - INFO - Datos obtenidos de la fila en la posición 265 de la tabla Licitaciones. Con PK = 04101/2022/336-O
2025-03-21 19:20:51,797 - INFO - Datos obtenidos de la fila en la posición 266 de la tabla Codigos. Con PK = 04101/2022/270-O
2025-03-21 19:20:51,797 - INFO - Datos obtenidos de la fila en la posición 266 de la tabla Licitaciones. Con PK = 04101/2022/337-O
2025-03-21 19:20:51,818 - INFO - Datos obtenidos de la fila en la posición 267 de la tabla Codigos. Con PK = 04101/2022/271-O
2025-03-21 19:20:51,819 - INFO - Datos obtenidos de la fila en la posición 267 de la tabla Licitaciones. Con PK = 04101/2022/338-O
2025-03-21 19:20:51,842 - INFO - Datos obtenidos de la fila en la posición 268 de la tabla Codigos. Con PK = 04101/2022/287-O
2025-03-21 19:20:51,843 - INFO - Datos obtenidos de la fila en la posición 268 de la tabla Licitaciones. Con PK = 04101/2022/342-O
2025-03-21 19:20:51,862 - INFO - Datos obtenidos de la fila en la posición 269 de la tabla Codigos. Con PK = 04101/2022/290-O
2025-03-21 19:20:51,863 - INFO - Datos obtenidos de la fila en la posición 269 de la tabla Licitaciones. Con PK = 04101/2022/344-O
2025-03-21 19:20:51,879 - INFO - Datos obtenidos de la fila en la posición 270 de la tabla Codigos. Con PK = 04101/2022/291-O
2025-03-21 19:20:51,880 - INFO - Datos obtenidos de la fila en la posición 270 de la tabla Licitaciones. Con PK = 04101/2022/36-O
2025-03-21 19:20:51,897 - INFO - Datos obtenidos de la fila en la posición 271 de la tabla Codigos. Con PK = 04101/2022/292-O
2025-03-21 19:20:51,898 - INFO - Datos obtenidos de la fila en la posición 271 de la tabla Licitaciones. Con PK = 04101/2022/39-O
2025-03-21 19:20:51,925 - INFO - Datos obtenidos de la fila en la posición 272 de la tabla Codigos. Con PK = 04101/2022/298-O
2025-03-21 19:20:51,926 - INFO - Datos obtenidos de la fila en la posición 272 de la tabla Licitaciones. Con PK = 04101/2022/52-O
2025-03-21 19:20:51,960 - INFO - Datos obtenidos de la fila en la posición 273 de la tabla Codigos. Con PK = 04101/2022/301-O
2025-03-21 19:20:51,963 - INFO - Datos obtenidos de la fila en la posición 273 de la tabla Licitaciones. Con PK = 04101/2022/53-O
2025-03-21 19:20:51,986 - INFO - Datos obtenidos de la fila en la posición 274 de la tabla Codigos. Con PK = 04101/2022/304-O
2025-03-21 19:20:51,987 - INFO - Datos obtenidos de la fila en la posición 274 de la tabla Licitaciones. Con PK = 04101/2022/54-O
