2025-03-25 12:19:19,493 - INFO - Conectado a la base de datos exitosamente.
2025-03-25 12:19:19,495 - INFO - Elementos de la tabla Anexos:
2025-03-25 12:19:19,495 - INFO - 0- (' 001/2019/6676-5259', 'N/A', 'N/A', False)
2025-03-25 12:19:19,495 - INFO - 1- (' 001/2020/2469-1986', 'N/A', 'N/A', False)
2025-03-25 12:19:19,495 - INFO - 2- (' 1089573X', 'https://contrataciondelestado.es/wps/wcm/connect/PLACE_es/Site/area/docAccCmpnt?srv=cmpnt&cmpntname=GetDocumentsById&source=library&DocumentIdParam=3a004267-af98-44fb-8fda-ae3842550ee5', 'anexo i.odt', True)
2025-03-25 12:19:19,496 - INFO - 3- (' 1395468A', 'https://contrataciondelestado.es/wps/wcm/connect/PLACE_es/Site/area/docAccCmpnt?srv=cmpnt&cmpntname=GetDocumentsById&source=library&DocumentIdParam=3a7b2f02-008f-4786-8861-2442bba7df9c', 'anexo v-confidencialidad de datos y documentos.odt', True)
2025-03-25 12:19:19,496 - INFO - 4- (' 1483292D', 'N/A', 'N/A', False)
2025-03-25 12:19:19,496 - INFO - 5- (' 1644/2022', 'N/A', 'N/A', False)
2025-03-25 12:19:19,496 - INFO - 6- (' 190/2022', 'N/A', 'N/A', False)
2025-03-25 12:19:19,496 - INFO - 7- (' 2021/OFI_01/000268', 'N/A', 'N/A', False)
2025-03-25 12:19:19,496 - INFO - 8- (' 2294/2021', 'N/A', 'N/A', False)
2025-03-25 12:19:19,496 - INFO - 9- (' 3490/2022', 'N/A', 'N/A', False)
2025-03-25 12:19:19,496 - INFO - 10- (' 46-CG-145/2022 - 5944', 'N/A', 'N/A', False)
2025-03-25 12:19:19,496 - INFO - 11- (' 756/2021', 'N/A', 'N/A', False)
2025-03-25 12:19:19,496 - INFO - 12- (' 787289H', 'N/A', 'N/A', False)
2025-03-25 12:19:19,496 - INFO - 13- (' 797731K', 'https://contrataciondelestado.es/wps/wcm/connect/PLACE_es/Site/area/docAccCmpnt?srv=cmpnt&cmpntname=GetDocumentsById&source=library&DocumentIdParam=6fc97822-b390-4759-b048-6f4d7149ffa0', 'anexo v-modelo confidencialidad documentacion.odt', True)
2025-03-25 12:19:19,496 - INFO - 14- (' 896943E', 'N/A', 'N/A', False)
2025-03-25 12:19:19,496 - INFO - 15- (' 911326F', 'N/A', 'N/A', False)
2025-03-25 12:19:19,496 - INFO - 16- (' 993358P', 'https://contrataciondelestado.es/wps/wcm/connect/PLACE_es/Site/area/docAccCmpnt?srv=cmpnt&cmpntname=GetDocumentsById&source=library&DocumentIdParam=3a55cc15-1fef-4488-aceb-7e882d50c312', 'anexo v- confidencialidad documentos.odt', True)
2025-03-25 12:19:19,496 - INFO - 17- (' CNMY23/ATV/06', 'https://contrataciondelestado.es/wps/wcm/connect/PLACE_es/Site/area/docAccCmpnt?srv=cmpnt&cmpntname=GetDocumentsById&source=library&DocumentIdParam=285a7757-ebcb-4882-b3b5-c50bc6315590', 'anexo i pass cnmy23 atv 06.pdf', True)
2025-03-25 12:19:19,496 - INFO - 18- (' E 70010 2020 115 (2021_014)', 'https://contrataciondelestado.es/wps/wcm/connect/PLACE_es/Site/area/docAccCmpnt?srv=cmpnt&cmpntname=GetDocumentsById&source=library&DocumentIdParam=ef65d73b-cdd0-43a5-a07e-c3510897a4f7', '12 annex1 exp 2020 115 signat el 28 07 2021.pdf', True)
2025-03-25 12:19:19,496 - INFO - 19- (' Expte. Sedival:1387503N', 'https://contrataciondelestado.es/wps/wcm/connect/PLACE_es/Site/area/docAccCmpnt?srv=cmpnt&cmpntname=GetDocumentsById&source=library&DocumentIdParam=3b194730-a1a7-42ac-a37f-116d049ab446', 'anexo i.pdf', True)
2025-03-25 12:19:19,496 - INFO - 20- (' PAS 453 2022', 'https://contrataciondelestado.es/wps/wcm/connect/PLACE_es/Site/area/docAccCmpnt?srv=cmpnt&cmpntname=GetDocumentsById&source=library&DocumentIdParam=54a9af7e-c9ff-4f70-84db-5f8cef46931d', 'p a s obras mas anexos word fondos react.zip', True)
2025-03-25 12:19:19,496 - INFO - 21- ('@733811H', 'https://contrataciondelestado.es/wps/wcm/connect/PLACE_es/Site/area/docAccCmpnt?srv=cmpnt&cmpntname=GetDocumentsById&source=library&DocumentIdParam=d905011a-83b8-464b-a686-b39d62c52a6d', 'anexo i 733811h.pdf', True)
2025-03-25 12:19:19,496 - INFO - 22- ('000055/2021-GENSEC', 'https://contrataciondelestado.es/wps/wcm/connect/PLACE_es/Site/area/docAccCmpnt?srv=cmpnt&cmpntname=GetDocumentsById&source=library&DocumentIdParam=0cf6ca6f-add4-4d37-a48d-9e33e72e2adb', 'anexo i.docx', True)
2025-03-25 12:19:19,496 - INFO - 23- ('000056/2021-GENSEC', 'https://contrataciondelestado.es/wps/wcm/connect/PLACE_es/Site/area/docAccCmpnt?srv=cmpnt&cmpntname=GetDocumentsById&source=library&DocumentIdParam=61064739-6be9-4698-b203-3217d1f4c96a', 'anexos i.docx', True)
2025-03-25 12:19:19,497 - INFO - 24- ('000057/2021-GENSEC', 'https://contrataciondelestado.es/wps/wcm/connect/PLACE_es/Site/area/docAccCmpnt?srv=cmpnt&cmpntname=GetDocumentsById&source=library&DocumentIdParam=1d02f5bb-d847-43fd-bc42-fa4a23bc8b3d', 'anexos i.docx', True)
2025-03-25 12:19:19,497 - INFO - 25- ('000080/2021-GENSEC', 'https://contrataciondelestado.es/wps/wcm/connect/PLACE_es/Site/area/docAccCmpnt?srv=cmpnt&cmpntname=GetDocumentsById&source=library&DocumentIdParam=50a64475-683d-4059-9236-ff56974719e1', 'anexo i.docx', True)
2025-03-25 12:19:19,497 - INFO - 26- ('000081/2021-GENSEC', 'https://contrataciondelestado.es/wps/wcm/connect/PLACE_es/Site/area/docAccCmpnt?srv=cmpnt&cmpntname=GetDocumentsById&source=library&DocumentIdParam=65faf365-1272-46d6-8566-68839c82c487', 'anexo i.docx', True)
2025-03-25 12:19:19,497 - INFO - 27- ('000099/2020-GENSEC', 'https://contrataciondelestado.es/wps/wcm/connect/PLACE_es/Site/area/docAccCmpnt?srv=cmpnt&cmpntname=GetDocumentsById&source=library&DocumentIdParam=e9056f6d-1f0f-4409-bfb4-8285d90de85e', 'anexo_i.docx', True)
2025-03-25 12:19:19,497 - INFO - 28- ('000110/2021-GENSEC', 'https://contrataciondelestado.es/wps/wcm/connect/PLACE_es/Site/area/docAccCmpnt?srv=cmpnt&cmpntname=GetDocumentsById&source=library&DocumentIdParam=333b5299-e7e0-4ba0-af95-6893413a1920', 'anexo i.docx', True)
2025-03-25 12:19:19,497 - INFO - 29- ('0007/2103-CI', 'N/A', 'N/A', False)
2025-03-25 12:19:19,497 - INFO - 30- ('001/2019/12531', 'N/A', 'N/A', False)
2025-03-25 12:19:19,497 - INFO - 31- ('001/2019/14060-11234', 'N/A', 'N/A', False)
2025-03-25 12:19:19,497 - INFO - 32- ('001/2020/2147-1716', 'N/A', 'N/A', False)
2025-03-25 12:19:19,497 - INFO - 33- ('001/2020/2461', 'N/A', 'N/A', False)
2025-03-25 12:19:19,497 - INFO - 34- ('001/2020/2464-1982', 'N/A', 'N/A', False)
2025-03-25 12:19:19,497 - INFO - 35- ('001/2020/2466-1983', 'N/A', 'N/A', False)
2025-03-25 12:19:19,497 - INFO - 36- ('001/2020/2477-1994', 'N/A', 'N/A', False)
2025-03-25 12:19:19,497 - INFO - 37- ('001/2020/2483-2000', 'N/A', 'N/A', False)
2025-03-25 12:19:19,497 - INFO - 38- ('001/2020/2486-2003', 'N/A', 'N/A', False)
2025-03-25 12:19:19,497 - INFO - 39- ('001/2020/3145-2509', 'N/A', 'N/A', False)
2025-03-25 12:19:19,497 - INFO - 40- ('001/2020/3147-2511', 'N/A', 'N/A', False)
2025-03-25 12:19:19,497 - INFO - 41- ('001/2020/5518-4184', 'N/A', 'N/A', False)
2025-03-25 12:19:19,497 - INFO - 42- ('001/2021/10076', 'N/A', 'N/A', False)
2025-03-25 12:19:19,497 - INFO - 43- ('001/2021/10079', 'N/A', 'N/A', False)
2025-03-25 12:19:19,497 - INFO - 44- ('001/2021/10680', 'N/A', 'N/A', False)
2025-03-25 12:19:19,497 - INFO - 45- ('001/2021/11258', 'N/A', 'N/A', False)
2025-03-25 12:19:19,498 - INFO - 46- ('001/2021/11843', 'N/A', 'N/A', False)
2025-03-25 12:19:19,498 - INFO - 47- ('001/2021/128', 'N/A', 'N/A', False)
2025-03-25 12:19:19,498 - INFO - 48- ('001/2021/12979', 'N/A', 'N/A', False)
2025-03-25 12:19:19,498 - INFO - 49- ('001/2021/13150', 'N/A', 'N/A', False)
2025-03-25 12:19:19,498 - INFO - 50- ('001/2021/13992', 'N/A', 'N/A', False)
2025-03-25 12:19:19,498 - INFO - 51- ('001/2021/1501', 'N/A', 'N/A', False)
2025-03-25 12:19:19,498 - INFO - 52- ('001/2021/16473', 'N/A', 'N/A', False)
2025-03-25 12:19:19,498 - INFO - 53- ('001/2021/1867-1528', 'N/A', 'N/A', False)
2025-03-25 12:19:19,498 - INFO - 54- ('001/2021/2344', 'N/A', 'N/A', False)
2025-03-25 12:19:19,498 - INFO - 55- ('001/2021/4581', 'N/A', 'N/A', False)
2025-03-25 12:19:19,498 - INFO - 56- ('001/2021/5148', 'N/A', 'N/A', False)
2025-03-25 12:19:19,498 - INFO - 57- ('001/2021/5679', 'N/A', 'N/A', False)
2025-03-25 12:19:19,498 - INFO - 58- ('001/2021/5712', 'N/A', 'N/A', False)
2025-03-25 12:19:19,498 - INFO - 59- ('001/2021/6270', 'N/A', 'N/A', False)
2025-03-25 12:19:19,498 - INFO - 60- ('001/2021/9278', 'N/A', 'N/A', False)
2025-03-25 12:19:19,498 - INFO - 61- ('001/2021/9478', 'N/A', 'N/A', False)
2025-03-25 12:19:19,498 - INFO - 62- ('001/2021/9543', 'N/A', 'N/A', False)
2025-03-25 12:19:19,498 - INFO - 63- ('001/2021/9692', 'N/A', 'N/A', False)
2025-03-25 12:19:19,498 - INFO - 64- ('001/2022/12569', 'N/A', 'N/A', False)
2025-03-25 12:19:19,498 - INFO - 65- ('001/2022/12871', 'N/A', 'N/A', False)
2025-03-25 12:19:19,498 - INFO - 66- ('001/2022/14098', 'N/A', 'N/A', False)
2025-03-25 12:19:19,498 - INFO - 67- ('001/2022/14681', 'N/A', 'N/A', False)
2025-03-25 12:19:19,499 - INFO - 68- ('001/2022/16013', 'N/A', 'N/A', False)
2025-03-25 12:19:19,499 - INFO - 69- ('001/2022/16127', 'N/A', 'N/A', False)
2025-03-25 12:19:19,499 - INFO - 70- ('001/2022/16425', 'N/A', 'N/A', False)
2025-03-25 12:19:19,499 - INFO - 71- ('001/2022/17565', 'N/A', 'N/A', False)
2025-03-25 12:19:19,499 - INFO - 72- ('001/2022/2269', 'N/A', 'N/A', False)
2025-03-25 12:19:19,499 - INFO - 73- ('001/2022/2623', 'N/A', 'N/A', False)
2025-03-25 12:19:19,499 - INFO - 74- ('001/2022/35', 'N/A', 'N/A', False)
2025-03-25 12:19:19,499 - INFO - 75- ('001/2022/3677', 'N/A', 'N/A', False)
2025-03-25 12:19:19,499 - INFO - 76- ('001/2022/3687', 'N/A', 'N/A', False)
2025-03-25 12:19:19,499 - INFO - 77- ('001/2022/4343', 'N/A', 'N/A', False)
2025-03-25 12:19:19,499 - INFO - 78- ('001/2022/4612', 'N/A', 'N/A', False)
2025-03-25 12:19:19,499 - INFO - 79- ('001/2022/5411', 'N/A', 'N/A', False)
2025-03-25 12:19:19,499 - INFO - 80- ('001/2022/5484', 'N/A', 'N/A', False)
2025-03-25 12:19:19,499 - INFO - 81- ('001/2022/6376', 'N/A', 'N/A', False)
2025-03-25 12:19:19,499 - INFO - 82- ('001/2022/6742', 'N/A', 'N/A', False)
2025-03-25 12:19:19,499 - INFO - 83- ('001/2022/6888', 'N/A', 'N/A', False)
2025-03-25 12:19:19,499 - INFO - 84- ('001/2022/7201', 'N/A', 'N/A', False)
2025-03-25 12:19:19,499 - INFO - 85- ('001/2022/8641', 'N/A', 'N/A', False)
2025-03-25 12:19:19,499 - INFO - 86- ('001/2022/9331', 'N/A', 'N/A', False)
2025-03-25 12:19:19,499 - INFO - 87- ('001/2023/10437', 'N/A', 'N/A', False)
2025-03-25 12:19:19,499 - INFO - 88- ('001/2023/10469', 'N/A', 'N/A', False)
2025-03-25 12:19:19,499 - INFO - 89- ('001/2023/11443', 'N/A', 'N/A', False)
2025-03-25 12:19:19,500 - INFO - 90- ('001/2023/13066', 'N/A', 'N/A', False)
2025-03-25 12:19:19,500 - INFO - 91- ('001/2023/13133', 'N/A', 'N/A', False)
2025-03-25 12:19:19,500 - INFO - 92- ('001/2023/2283', 'N/A', 'N/A', False)
2025-03-25 12:19:19,500 - INFO - 93- ('001/2023/364', 'N/A', 'N/A', False)
2025-03-25 12:19:19,500 - INFO - 94- ('001/2023/4276', 'N/A', 'N/A', False)
2025-03-25 12:19:19,500 - INFO - 95- ('001/2023/689', 'N/A', 'N/A', False)
2025-03-25 12:19:19,500 - INFO - 96- ('001/2023/6956', 'N/A', 'N/A', False)
2025-03-25 12:19:19,500 - INFO - 97- ('001/2023/7616', 'N/A', 'N/A', False)
2025-03-25 12:19:19,500 - INFO - 98- ('001/2023/8196', 'N/A', 'N/A', False)
2025-03-25 12:19:19,500 - INFO - 99- ('003/2021 _2021/OFI_01/000075', 'N/A', 'N/A', False)
2025-03-25 12:19:19,500 - INFO - 100- ('008-00133/2020', 'N/A', 'N/A', False)
2025-03-25 12:19:19,500 - INFO - 101- ('008-0069/2021', 'https://contrataciondelestado.es/wps/wcm/connect/PLACE_es/Site/area/docAccCmpnt?srv=cmpnt&cmpntname=GetDocumentsById&source=library&DocumentIdParam=dd397aab-723d-49c3-a68f-32440050ecfa', 'anexos pcap.doc', True)
2025-03-25 12:19:19,500 - INFO - 102- ('008-0111/2021', 'https://contrataciondelestado.es/wps/wcm/connect/PLACE_es/Site/area/docAccCmpnt?srv=cmpnt&cmpntname=GetDocumentsById&source=library&DocumentIdParam=b88237b4-2f2b-45b9-a234-dd22ed1c3421', 'anexos pcap.doc', True)
2025-03-25 12:19:19,500 - INFO - 103- ('01/2020', 'N/A', 'N/A', False)
2025-03-25 12:19:19,500 - INFO - 104- ('01/2020 CONSERVACION CASTILLO', 'N/A', 'N/A', False)
2025-03-25 12:19:19,500 - INFO - 105- ('01/2022', 'N/A', 'N/A', False)
2025-03-25 12:19:19,500 - INFO - 106- ('01/2022 EXPL', 'N/A', 'N/A', False)
2025-03-25 12:19:19,500 - INFO - 107- ('01/2023', 'N/A', 'N/A', False)
2025-03-25 12:19:19,500 - INFO - 108- ('01088/2022', 'N/A', 'N/A', False)
2025-03-25 12:19:19,500 - INFO - 109- ('02/2022', 'N/A', 'N/A', False)
2025-03-25 12:19:19,500 - INFO - 110- ('020020210165', 'N/A', 'N/A', False)
2025-03-25 12:19:19,500 - INFO - 111- ('020020220193', 'N/A', 'N/A', False)
2025-03-25 12:19:19,500 - INFO - 112- ('020020220202', 'N/A', 'N/A', False)
2025-03-25 12:19:19,500 - INFO - 113- ('03/2022EXPL', 'N/A', 'N/A', False)
2025-03-25 12:19:19,500 - INFO - 114- ('03/2023EXPL', 'N/A', 'N/A', False)
2025-03-25 12:19:19,501 - INFO - 115- ('03/VC-25/22', 'N/A', 'N/A', False)
2025-03-25 12:19:19,501 - INFO - 116- ('032023PAS1002', 'https://contrataciondelestado.es/wps/wcm/connect/PLACE_es/Site/area/docAccCmpnt?srv=cmpnt&cmpntname=GetDocumentsById&source=library&DocumentIdParam=f21f76c9-ac9f-4957-b44c-1563380a24ab', '10-1 anexo i.pdf', True)
2025-03-25 12:19:19,501 - INFO - 117- ('039/2020', 'https://contrataciondelestado.es/wps/wcm/connect/PLACE_es/Site/area/docAccCmpnt?srv=cmpnt&cmpntname=GetDocumentsById&source=library&DocumentIdParam=c69b5879-cb9c-4299-a152-25b7e1485f50', 'anexo i_pcap_firmado.pdf', True)
2025-03-25 12:19:19,501 - INFO - 118- ('04/2023/EEE', 'N/A', 'N/A', False)
2025-03-25 12:19:19,501 - INFO - 119- ('04101/2018/113-O BIS', 'https://contrataciondelestado.es/wps/wcm/connect/PLACE_es/Site/area/docAccCmpnt?srv=cmpnt&cmpntname=GetDocumentsById&source=library&DocumentIdParam=aa33ea38-8e1a-41f9-8890-a39fcf23f3f2', 'anexo i contratacion.pdf', True)
2025-03-25 12:19:19,501 - INFO - 120- ('04101/2019/212-O', 'https://contrataciondelestado.es/wps/wcm/connect/PLACE_es/Site/area/docAccCmpnt?srv=cmpnt&cmpntname=GetDocumentsById&source=library&DocumentIdParam=41788a87-6e36-411b-bfa3-5188c9176737', 'anexo_i_contratacion_15mayo.pdf', True)
2025-03-25 12:19:19,501 - INFO - 121- ('04101/2019/223-O', 'https://contrataciondelestado.es/wps/wcm/connect/PLACE_es/Site/area/docAccCmpnt?srv=cmpnt&cmpntname=GetDocumentsById&source=library&DocumentIdParam=ed28a294-d582-4936-84d5-3364242e1f8b', 'anexo i pcap.pdf', True)
2025-03-25 12:19:19,501 - INFO - 122- ('04101/2019/234-O', 'https://contrataciondelestado.es/wps/wcm/connect/PLACE_es/Site/area/docAccCmpnt?srv=cmpnt&cmpntname=GetDocumentsById&source=library&DocumentIdParam=ace253ce-034a-4c46-b261-afc396a7fdfc', 'anexo i.pdf', True)
2025-03-25 12:19:19,501 - INFO - 123- ('04101/2019/241-O', 'https://contrataciondelestado.es/wps/wcm/connect/PLACE_es/Site/area/docAccCmpnt?srv=cmpnt&cmpntname=GetDocumentsById&source=library&DocumentIdParam=3aff938b-234b-4ca3-9f15-62a44c283e06', 'anexo i contratacion.pdf', True)
2025-03-25 12:19:19,501 - INFO - 124- ('04101/2019/242-O', 'https://contrataciondelestado.es/wps/wcm/connect/PLACE_es/Site/area/docAccCmpnt?srv=cmpnt&cmpntname=GetDocumentsById&source=library&DocumentIdParam=c5284be9-75be-4dbe-bfc1-75381cf7fdb3', 'anexo i.pdf', True)
2025-03-25 12:19:19,501 - INFO - 125- ('04101/2019/243-O', 'https://contrataciondelestado.es/wps/wcm/connect/PLACE_es/Site/area/docAccCmpnt?srv=cmpnt&cmpntname=GetDocumentsById&source=library&DocumentIdParam=e9a443fb-00fe-4396-8087-39a9329ce34f', 'anexo i pcap contratacion.pdf', True)
2025-03-25 12:19:19,501 - INFO - 126- ('04101/2019/249-O', 'https://contrataciondelestado.es/wps/wcm/connect/PLACE_es/Site/area/docAccCmpnt?srv=cmpnt&cmpntname=GetDocumentsById&source=library&DocumentIdParam=c355d2d9-e5e0-4f06-8c78-5cdc816777c5', 'anexo i contratacion.pdf', True)
2025-03-25 12:19:19,501 - INFO - 127- ('04101/2019/252-O', 'https://contrataciondelestado.es/wps/wcm/connect/PLACE_es/Site/area/docAccCmpnt?srv=cmpnt&cmpntname=GetDocumentsById&source=library&DocumentIdParam=fc7e6c4d-168b-44ed-abbb-f40b986dca2d', 'anexo i pcap contratacion.pdf', True)
2025-03-25 12:19:19,501 - INFO - 128- ('04101/2019/254-O', 'https://contrataciondelestado.es/wps/wcm/connect/PLACE_es/Site/area/docAccCmpnt?srv=cmpnt&cmpntname=GetDocumentsById&source=library&DocumentIdParam=a9b2e8b9-4176-4136-b0fc-0497cbf82532', 'anexo i pcap contratacion.pdf', True)
2025-03-25 12:19:19,501 - INFO - 129- ('04101/2020/105-O', 'https://contrataciondelestado.es/wps/wcm/connect/PLACE_es/Site/area/docAccCmpnt?srv=cmpnt&cmpntname=GetDocumentsById&source=library&DocumentIdParam=3d0d59a5-74f1-4fd4-bff7-72a0e9c66b23', 'anexo_i_pcap.pdf', True)
2025-03-25 12:19:19,501 - INFO - 130- ('04101/2020/108-O', 'https://contrataciondelestado.es/wps/wcm/connect/PLACE_es/Site/area/docAccCmpnt?srv=cmpnt&cmpntname=GetDocumentsById&source=library&DocumentIdParam=818a1d9b-d3ed-4e45-a9b1-0fa5ec601537', 'anexo_i_pcap_contratacion.pdf', True)
2025-03-25 12:19:19,501 - INFO - 131- ('04101/2020/109-O', 'https://contrataciondelestado.es/wps/wcm/connect/PLACE_es/Site/area/docAccCmpnt?srv=cmpnt&cmpntname=GetDocumentsById&source=library&DocumentIdParam=8649b1dd-536b-42da-aebc-d662d06771f1', 'anexo_i_pcap_contratacion.pdf', True)
2025-03-25 12:19:19,501 - INFO - 132- ('04101/2020/110-O', 'https://contrataciondelestado.es/wps/wcm/connect/PLACE_es/Site/area/docAccCmpnt?srv=cmpnt&cmpntname=GetDocumentsById&source=library&DocumentIdParam=0f497e2e-9f6d-46f8-b39f-760e1c6c751b', 'anexo i pcap.pdf', True)
2025-03-25 12:19:19,501 - INFO - 133- ('04101/2020/111-O', 'https://contrataciondelestado.es/wps/wcm/connect/PLACE_es/Site/area/docAccCmpnt?srv=cmpnt&cmpntname=GetDocumentsById&source=library&DocumentIdParam=dcb04657-89fd-40c6-ba08-3a70429c1bf2', 'anexo i pcap.pdf', True)
2025-03-25 12:19:19,501 - INFO - 134- ('04101/2020/113-O', 'https://contrataciondelestado.es/wps/wcm/connect/PLACE_es/Site/area/docAccCmpnt?srv=cmpnt&cmpntname=GetDocumentsById&source=library&DocumentIdParam=6b96530b-ba00-4457-9d9d-8f91258d061c', 'anexo i pcap.pdf', True)
2025-03-25 12:19:19,502 - INFO - 135- ('04101/2020/114-O', 'https://contrataciondelestado.es/wps/wcm/connect/PLACE_es/Site/area/docAccCmpnt?srv=cmpnt&cmpntname=GetDocumentsById&source=library&DocumentIdParam=dc8de356-5b92-45b2-ba3e-9c9ebf90020b', 'anexo i pcap.pdf', True)
2025-03-25 12:19:19,502 - INFO - 136- ('04101/2020/117-O', 'https://contrataciondelestado.es/wps/wcm/connect/PLACE_es/Site/area/docAccCmpnt?srv=cmpnt&cmpntname=GetDocumentsById&source=library&DocumentIdParam=d8aa5448-bf95-40bb-9562-79eeaad751fc', 'anexo_i_pcap.pdf', True)
2025-03-25 12:19:19,502 - INFO - 137- ('04101/2020/119-O', 'https://contrataciondelestado.es/wps/wcm/connect/PLACE_es/Site/area/docAccCmpnt?srv=cmpnt&cmpntname=GetDocumentsById&source=library&DocumentIdParam=23ef1d5f-68aa-4f7d-9346-76d478a52011', 'anexo_i_pcap.pdf', True)
2025-03-25 12:19:19,502 - INFO - 138- ('04101/2020/120-O', 'https://contrataciondelestado.es/wps/wcm/connect/PLACE_es/Site/area/docAccCmpnt?srv=cmpnt&cmpntname=GetDocumentsById&source=library&DocumentIdParam=461eddaa-2a87-4560-a1d2-27eef5e53904', 'anexo_i_pcap.pdf', True)
2025-03-25 12:19:19,502 - INFO - 139- ('04101/2020/127-O', 'https://contrataciondelestado.es/wps/wcm/connect/PLACE_es/Site/area/docAccCmpnt?srv=cmpnt&cmpntname=GetDocumentsById&source=library&DocumentIdParam=81b92c97-9c85-41d7-9862-2332c3aa5d12', 'anexo i pcap rectificado.pdf', True)
2025-03-25 12:19:19,502 - INFO - 140- ('04101/2020/132-O', 'https://contrataciondelestado.es/wps/wcm/connect/PLACE_es/Site/area/docAccCmpnt?srv=cmpnt&cmpntname=GetDocumentsById&source=library&DocumentIdParam=becbcbb0-037c-4020-8a6c-9af5609cfd7e', 'anexo_i_pcap.pdf', True)
2025-03-25 12:19:19,502 - INFO - 141- ('04101/2020/136-O', 'https://contrataciondelestado.es/wps/wcm/connect/PLACE_es/Site/area/docAccCmpnt?srv=cmpnt&cmpntname=GetDocumentsById&source=library&DocumentIdParam=b52db1cb-a33d-48a5-beb9-6b1cc4551144', '01 pe bosquete sostenible indice memoria anexos.pdf', True)
2025-03-25 12:19:19,502 - INFO - 142- ('04101/2020/138-O', 'https://contrataciondelestado.es/wps/wcm/connect/PLACE_es/Site/area/docAccCmpnt?srv=cmpnt&cmpntname=GetDocumentsById&source=library&DocumentIdParam=55bb2975-3b3d-406f-ae4a-29c0b66c3885', 'anexo_i_pcap_4101-2020-138-o.pdf', True)
2025-03-25 12:19:19,502 - INFO - 143- ('04101/2020/139-O', 'https://contrataciondelestado.es/wps/wcm/connect/PLACE_es/Site/area/docAccCmpnt?srv=cmpnt&cmpntname=GetDocumentsById&source=library&DocumentIdParam=0808eae1-dada-4303-811f-5743d1042175', 'anexo_i_pcap.pdf', True)
2025-03-25 12:19:19,502 - INFO - 144- ('04101/2020/142-O', 'https://contrataciondelestado.es/wps/wcm/connect/PLACE_es/Site/area/docAccCmpnt?srv=cmpnt&cmpntname=GetDocumentsById&source=library&DocumentIdParam=f0d866ed-92d0-4c06-959e-e63066442002', 'anexo_i_pcap.pdf', True)
2025-03-25 12:19:19,502 - INFO - 145- ('04101/2020/154-O', 'https://contrataciondelestado.es/wps/wcm/connect/PLACE_es/Site/area/docAccCmpnt?srv=cmpnt&cmpntname=GetDocumentsById&source=library&DocumentIdParam=0923e35f-82f2-46a9-a413-56303099a7be', 'anexo_i_pcap.pdf', True)
2025-03-25 12:19:19,502 - INFO - 146- ('04101/2020/159-O', 'https://contrataciondelestado.es/wps/wcm/connect/PLACE_es/Site/area/docAccCmpnt?srv=cmpnt&cmpntname=GetDocumentsById&source=library&DocumentIdParam=50f5b8ac-cf10-4e0c-a4a3-ce798077584d', 'anexo_i_pcap.pdf', True)
2025-03-25 12:19:19,502 - INFO - 147- ('04101/2020/161-O', 'https://contrataciondelestado.es/wps/wcm/connect/PLACE_es/Site/area/docAccCmpnt?srv=cmpnt&cmpntname=GetDocumentsById&source=library&DocumentIdParam=8578ca33-f9d5-4aed-a10a-a32bbf7a1e8a', 'anexo_i_pcap.pdf', True)
2025-03-25 12:19:19,502 - INFO - 148- ('04101/2020/162-O', 'https://contrataciondelestado.es/wps/wcm/connect/PLACE_es/Site/area/docAccCmpnt?srv=cmpnt&cmpntname=GetDocumentsById&source=library&DocumentIdParam=d03e5c10-7f4f-4d17-9e8e-917514a1ac78', 'anexo_i_pcap.pdf', True)
2025-03-25 12:19:19,502 - INFO - 149- ('04101/2020/164-O', 'https://contrataciondelestado.es/wps/wcm/connect/PLACE_es/Site/area/docAccCmpnt?srv=cmpnt&cmpntname=GetDocumentsById&source=library&DocumentIdParam=90e42866-89bb-46f0-83d8-56ac521f89d3', '8 anexo 1 proyecto.pdf', True)
2025-03-25 12:19:19,502 - INFO - 150- ('04101/2020/165-O', 'https://contrataciondelestado.es/wps/wcm/connect/PLACE_es/Site/area/docAccCmpnt?srv=cmpnt&cmpntname=GetDocumentsById&source=library&DocumentIdParam=277c3635-c492-4951-8bc6-45193bc00d15', 'anexo i pcap rectificado.pdf', True)
2025-03-25 12:19:19,502 - INFO - 151- ('04101/2020/166-O', 'https://contrataciondelestado.es/wps/wcm/connect/PLACE_es/Site/area/docAccCmpnt?srv=cmpnt&cmpntname=GetDocumentsById&source=library&DocumentIdParam=d4a767c6-05b1-488c-a2f3-dbc4e6d26c13', 'anexo_i_pcap_166-o.pdf', True)
2025-03-25 12:19:19,502 - INFO - 152- ('04101/2020/168-O', 'https://contrataciondelestado.es/wps/wcm/connect/PLACE_es/Site/area/docAccCmpnt?srv=cmpnt&cmpntname=GetDocumentsById&source=library&DocumentIdParam=1e854bad-be0c-4204-a012-32464a2efaa2', 'anexo_i_pcap_proyectos_epsar.pdf', True)
2025-03-25 12:19:19,502 - INFO - 153- ('04101/2020/172-O', 'https://contrataciondelestado.es/wps/wcm/connect/PLACE_es/Site/area/docAccCmpnt?srv=cmpnt&cmpntname=GetDocumentsById&source=library&DocumentIdParam=3dfd4063-86d3-43e1-903a-5879b0b34522', 'anexo_i_pcap.pdf', True)
2025-03-25 12:19:19,502 - INFO - 154- ('04101/2020/179-O', 'https://contrataciondelestado.es/wps/wcm/connect/PLACE_es/Site/area/docAccCmpnt?srv=cmpnt&cmpntname=GetDocumentsById&source=library&DocumentIdParam=0e6e4046-e6f2-4941-8f06-3df029091947', 'anexo_i_pcap_179-o-20.pdf', True)
2025-03-25 12:19:19,502 - INFO - 155- ('04101/2020/198-O', 'https://contrataciondelestado.es/wps/wcm/connect/PLACE_es/Site/area/docAccCmpnt?srv=cmpnt&cmpntname=GetDocumentsById&source=library&DocumentIdParam=bbc5e22f-cb09-40d7-8e64-d0a320b55239', 'anexo i pcap.pdf', True)
2025-03-25 12:19:19,503 - INFO - 156- ('04101/2020/200-O', 'https://contrataciondelestado.es/wps/wcm/connect/PLACE_es/Site/area/docAccCmpnt?srv=cmpnt&cmpntname=GetDocumentsById&source=library&DocumentIdParam=815eb511-28a7-4f10-a7c9-1153e1a01760', 'anexo_i_pcap.pdf', True)
2025-03-25 12:19:19,503 - INFO - 157- ('04101/2020/207-O', 'https://contrataciondelestado.es/wps/wcm/connect/PLACE_es/Site/area/docAccCmpnt?srv=cmpnt&cmpntname=GetDocumentsById&source=library&DocumentIdParam=ab52e335-40de-4dad-8196-9a318b842ab4', 'anexo_i_pcap.pdf', True)
2025-03-25 12:19:19,503 - INFO - 158- ('04101/2020/216-O', 'https://contrataciondelestado.es/wps/wcm/connect/PLACE_es/Site/area/docAccCmpnt?srv=cmpnt&cmpntname=GetDocumentsById&source=library&DocumentIdParam=fd414c1e-92bb-45cd-b868-ae74759d4101', 'anexo i pcap.pdf', True)
2025-03-25 12:19:19,503 - INFO - 159- ('04101/2020/219-O', 'https://contrataciondelestado.es/wps/wcm/connect/PLACE_es/Site/area/docAccCmpnt?srv=cmpnt&cmpntname=GetDocumentsById&source=library&DocumentIdParam=cf26eab6-b7c9-49c7-978a-8987eb9a504b', 'anexo_i_pcap_219-20.pdf', True)
2025-03-25 12:19:19,503 - INFO - 160- ('04101/2020/29-O', 'https://contrataciondelestado.es/wps/wcm/connect/PLACE_es/Site/area/docAccCmpnt?srv=cmpnt&cmpntname=GetDocumentsById&source=library&DocumentIdParam=df76a703-0132-4687-b9c0-d13dca60f8f8', 'anexo i pcap.pdf', True)
2025-03-25 12:19:19,503 - INFO - 161- ('04101/2020/40-O', 'https://contrataciondelestado.es/wps/wcm/connect/PLACE_es/Site/area/docAccCmpnt?srv=cmpnt&cmpntname=GetDocumentsById&source=library&DocumentIdParam=3fd2f244-8304-409c-ae7d-be8e746e32a7', 'anexo_i_pcap_40_2020.pdf', True)
2025-03-25 12:19:19,503 - INFO - 162- ('04101/2020/5-O', 'N/A', 'N/A', False)
2025-03-25 12:19:19,503 - INFO - 163- ('04101/2020/64-O', 'https://contrataciondelestado.es/wps/wcm/connect/PLACE_es/Site/area/docAccCmpnt?srv=cmpnt&cmpntname=GetDocumentsById&source=library&DocumentIdParam=4938dd5a-6ca1-4ec3-bf3c-1093d1b7783c', 'anexo i pcap.pdf', True)
2025-03-25 12:19:19,503 - INFO - 164- ('04101/2020/71-O', 'https://contrataciondelestado.es/wps/wcm/connect/PLACE_es/Site/area/docAccCmpnt?srv=cmpnt&cmpntname=GetDocumentsById&source=library&DocumentIdParam=76682116-967e-45e6-9edf-0aaa76e63f5d', 'anexo_i_pcap_71_obras2020.pdf', True)
2025-03-25 12:19:19,503 - INFO - 165- ('04101/2020/72-O', 'https://contrataciondelestado.es/wps/wcm/connect/PLACE_es/Site/area/docAccCmpnt?srv=cmpnt&cmpntname=GetDocumentsById&source=library&DocumentIdParam=056b7b2a-aefa-4790-ae3a-775104dedcd5', '1 cccc memoria y anexos_feb20.pdf', True)
2025-03-25 12:19:19,503 - INFO - 166- ('04101/2020/79-O', 'https://contrataciondelestado.es/wps/wcm/connect/PLACE_es/Site/area/docAccCmpnt?srv=cmpnt&cmpntname=GetDocumentsById&source=library&DocumentIdParam=79b56736-0203-4ef8-b186-52d8d85c54ef', 'anexo i pcap.pdf', True)
2025-03-25 12:19:19,503 - INFO - 167- ('04101/2020/93-O', 'N/A', 'N/A', False)
2025-03-25 12:19:19,503 - INFO - 168- ('04101/2020/96-O', 'https://contrataciondelestado.es/wps/wcm/connect/PLACE_es/Site/area/docAccCmpnt?srv=cmpnt&cmpntname=GetDocumentsById&source=library&DocumentIdParam=5c903190-1733-48c7-b5a5-3f234b8e70f4', 'anexo_i_pcap.pdf', True)
2025-03-25 12:19:19,503 - INFO - 169- ('04101/2021/110-O', 'https://contrataciondelestado.es/wps/wcm/connect/PLACE_es/Site/area/docAccCmpnt?srv=cmpnt&cmpntname=GetDocumentsById&source=library&DocumentIdParam=6f388dcb-2a44-4ea0-9831-dd7c0061bf9e', 'anexo_i_pcap_110-o-21.pdf', True)
2025-03-25 12:19:19,503 - INFO - 170- ('04101/2021/158-O', 'https://contrataciondelestado.es/wps/wcm/connect/PLACE_es/Site/area/docAccCmpnt?srv=cmpnt&cmpntname=GetDocumentsById&source=library&DocumentIdParam=9f3d678a-4e34-4e65-ada4-465cfba89e69', 'anexo_i_pcap_158-o.pdf', True)
2025-03-25 12:19:19,503 - INFO - 171- ('04101/2021/160-O', 'https://contrataciondelestado.es/wps/wcm/connect/PLACE_es/Site/area/docAccCmpnt?srv=cmpnt&cmpntname=GetDocumentsById&source=library&DocumentIdParam=7fe382e3-ef79-453c-85ea-0d36cf51dd6b', 'anexo_i_pcap_160-o.pdf', True)
2025-03-25 12:19:19,503 - INFO - 172- ('04101/2021/163-O', 'https://contrataciondelestado.es/wps/wcm/connect/PLACE_es/Site/area/docAccCmpnt?srv=cmpnt&cmpntname=GetDocumentsById&source=library&DocumentIdParam=84699b04-0d77-48cc-a6e6-cfdfe088806a', 'anexo_i_pcap.pdf', True)
2025-03-25 12:19:19,503 - INFO - 173- ('04101/2021/164-O', 'https://contrataciondelestado.es/wps/wcm/connect/PLACE_es/Site/area/docAccCmpnt?srv=cmpnt&cmpntname=GetDocumentsById&source=library&DocumentIdParam=7a2b7306-3edb-4c47-ab6d-52bcec3b99b0', 'anexo_i__164-o.pdf', True)
2025-03-25 12:19:19,503 - INFO - 174- ('04101/2021/165-O', 'https://contrataciondelestado.es/wps/wcm/connect/PLACE_es/Site/area/docAccCmpnt?srv=cmpnt&cmpntname=GetDocumentsById&source=library&DocumentIdParam=f3c26dbc-8161-416c-9998-d53b1c7f2b90', 'anexo_i_pcap_165-o_puestos_mercado_grao.pdf', True)
2025-03-25 12:19:19,503 - INFO - 175- ('04101/2021/16-O', 'https://contrataciondelestado.es/wps/wcm/connect/PLACE_es/Site/area/docAccCmpnt?srv=cmpnt&cmpntname=GetDocumentsById&source=library&DocumentIdParam=d068b98e-0dff-4456-9f73-8ae6bec232c9', 'anexo_i_pcap_16-o-21.pdf', True)
2025-03-25 12:19:19,503 - INFO - 176- ('04101/2021/171-O', 'https://contrataciondelestado.es/wps/wcm/connect/PLACE_es/Site/area/docAccCmpnt?srv=cmpnt&cmpntname=GetDocumentsById&source=library&DocumentIdParam=5b9494d4-9906-4841-857e-40c8562c4deb', 'anexo_i_pcap_171-o-21.pdf', True)
2025-03-25 12:19:19,504 - INFO - 177- ('04101/2021/178-O', 'https://contrataciondelestado.es/wps/wcm/connect/PLACE_es/Site/area/docAccCmpnt?srv=cmpnt&cmpntname=GetDocumentsById&source=library&DocumentIdParam=9a25a952-a5bc-4f66-9463-53fe43358119', 'anexo_i_pcap_178-o.pdf', True)
2025-03-25 12:19:19,504 - INFO - 178- ('04101/2021/180-O', 'https://contrataciondelestado.es/wps/wcm/connect/PLACE_es/Site/area/docAccCmpnt?srv=cmpnt&cmpntname=GetDocumentsById&source=library&DocumentIdParam=a680ea8d-55bf-4d50-8e50-4e75f457d339', 'anexo_i_pcap.pdf', True)
2025-03-25 12:19:19,504 - INFO - 179- ('04101/2021/188-O', 'https://contrataciondelestado.es/wps/wcm/connect/PLACE_es/Site/area/docAccCmpnt?srv=cmpnt&cmpntname=GetDocumentsById&source=library&DocumentIdParam=c98b7fec-4127-4de5-b6ab-0860c3c6cab1', 'anexo_i_pcap_188-o.pdf', True)
2025-03-25 12:19:19,504 - INFO - 180- ('04101/2021/189-O', 'https://contrataciondelestado.es/wps/wcm/connect/PLACE_es/Site/area/docAccCmpnt?srv=cmpnt&cmpntname=GetDocumentsById&source=library&DocumentIdParam=ee893baa-2ae0-4b19-8121-262b104c3e21', 'anexo_i_pcap_pergola_benimaclet.pdf', True)
2025-03-25 12:19:19,504 - INFO - 181- ('04101/2021/189-O BIS', 'https://contrataciondelestado.es/wps/wcm/connect/PLACE_es/Site/area/docAccCmpnt?srv=cmpnt&cmpntname=GetDocumentsById&source=library&DocumentIdParam=b49ae89e-05bc-4d73-8711-954e26f192bf', 'anexo i pcap.pdf', True)
2025-03-25 12:19:19,504 - INFO - 182- ('04101/2021/190-O', 'https://contrataciondelestado.es/wps/wcm/connect/PLACE_es/Site/area/docAccCmpnt?srv=cmpnt&cmpntname=GetDocumentsById&source=library&DocumentIdParam=eacba907-2b6b-4668-bc9b-bf944164141c', 'anexo_i_nuevo_pcap_190-o-21.pdf', True)
2025-03-25 12:19:19,504 - INFO - 183- ('04101/2021/191-O', 'https://contrataciondelestado.es/wps/wcm/connect/PLACE_es/Site/area/docAccCmpnt?srv=cmpnt&cmpntname=GetDocumentsById&source=library&DocumentIdParam=99f9a5b2-83fb-4282-a0b4-83a105127614', 'anexo_i_pcap_191-o-21.pdf', True)
2025-03-25 12:19:19,504 - INFO - 184- ('04101/2021/195-O', 'https://contrataciondelestado.es/wps/wcm/connect/PLACE_es/Site/area/docAccCmpnt?srv=cmpnt&cmpntname=GetDocumentsById&source=library&DocumentIdParam=fe2d5927-5562-4dcc-af8f-25a6fae7f0c4', '1 cccc memoria y anexos_feb20.pdf', True)
2025-03-25 12:19:19,504 - INFO - 185- ('04101/2021/200-O', 'https://contrataciondelestado.es/wps/wcm/connect/PLACE_es/Site/area/docAccCmpnt?srv=cmpnt&cmpntname=GetDocumentsById&source=library&DocumentIdParam=47e44911-94b9-4874-842a-fdaa80b40ba2', 'anexo_i_pcap_200-o-21.pdf', True)
2025-03-25 12:19:19,504 - INFO - 186- ('04101/2021/200-O BIS', 'https://contrataciondelestado.es/wps/wcm/connect/PLACE_es/Site/area/docAccCmpnt?srv=cmpnt&cmpntname=GetDocumentsById&source=library&DocumentIdParam=7eefd82f-264f-4d37-a70e-c58cffbdf9e7', 'anexo_i_pneg_200bis_ceip_carles_salvador.pdf', True)
2025-03-25 12:19:19,504 - INFO - 187- ('04101/2021/211-O', 'https://contrataciondelestado.es/wps/wcm/connect/PLACE_es/Site/area/docAccCmpnt?srv=cmpnt&cmpntname=GetDocumentsById&source=library&DocumentIdParam=84d1a1d0-71c8-4390-ab8f-c64b60bf94b2', 'anexo_i_pcap.pdf', True)
2025-03-25 12:19:19,504 - INFO - 188- ('04101/2021/213-O', 'https://contrataciondelestado.es/wps/wcm/connect/PLACE_es/Site/area/docAccCmpnt?srv=cmpnt&cmpntname=GetDocumentsById&source=library&DocumentIdParam=67d5def9-d853-43fc-bb42-5c407a5179da', 'anexo_i_pcap_nuevo_climatizacion_mercado_jesus.pdf', True)
2025-03-25 12:19:19,504 - INFO - 189- ('04101/2021/216-O', 'https://contrataciondelestado.es/wps/wcm/connect/PLACE_es/Site/area/docAccCmpnt?srv=cmpnt&cmpntname=GetDocumentsById&source=library&DocumentIdParam=0f1f84d5-304a-4ac9-b70e-18297bb0da78', 'anexo_i_pcap.pdf', True)
2025-03-25 12:19:19,504 - INFO - 190- ('04101/2021/217-O', 'https://contrataciondelestado.es/wps/wcm/connect/PLACE_es/Site/area/docAccCmpnt?srv=cmpnt&cmpntname=GetDocumentsById&source=library&DocumentIdParam=c293d773-1cdc-4759-907a-657d17dfcc99', 'anexo_i_pcap_217-o-21.pdf', True)
2025-03-25 12:19:19,504 - INFO - 191- ('04101/2021/227-O', 'https://contrataciondelestado.es/wps/wcm/connect/PLACE_es/Site/area/docAccCmpnt?srv=cmpnt&cmpntname=GetDocumentsById&source=library&DocumentIdParam=2a453ef8-745d-4ae0-8b32-b49861d5fafd', 'anexo i pcap 227-o.pdf', True)
2025-03-25 12:19:19,504 - INFO - 192- ('04101/2021/229-O', 'https://contrataciondelestado.es/wps/wcm/connect/PLACE_es/Site/area/docAccCmpnt?srv=cmpnt&cmpntname=GetDocumentsById&source=library&DocumentIdParam=847e8d8c-47df-47c2-b7df-f0d909f945bf', 'anexo_i_pcap_229-o.pdf', True)
2025-03-25 12:19:19,504 - INFO - 193- ('04101/2021/233-O', 'https://contrataciondelestado.es/wps/wcm/connect/PLACE_es/Site/area/docAccCmpnt?srv=cmpnt&cmpntname=GetDocumentsById&source=library&DocumentIdParam=300e7d81-c25a-48d5-8e35-da917442735a', 'anexo_i_pcap.pdf', True)
2025-03-25 12:19:19,504 - INFO - 194- ('04101/2021/23-O', 'https://contrataciondelestado.es/wps/wcm/connect/PLACE_es/Site/area/docAccCmpnt?srv=cmpnt&cmpntname=GetDocumentsById&source=library&DocumentIdParam=b5318085-3f6c-4c54-94ee-dd9101e8180f', 'anexo i pcap.pdf', True)
2025-03-25 12:19:19,504 - INFO - 195- ('04101/2021/247-O', 'https://contrataciondelestado.es/wps/wcm/connect/PLACE_es/Site/area/docAccCmpnt?srv=cmpnt&cmpntname=GetDocumentsById&source=library&DocumentIdParam=f3b392ff-7caa-458c-a884-18114aff7514', 'anexo_i_pcap_247-o-21.pdf', True)
2025-03-25 12:19:19,504 - INFO - 196- ('04101/2021/249-O', 'https://contrataciondelestado.es/wps/wcm/connect/PLACE_es/Site/area/docAccCmpnt?srv=cmpnt&cmpntname=GetDocumentsById&source=library&DocumentIdParam=4fb4aaa9-d9a5-40ca-ac8a-2c745c5f0f5e', 'anexo_i_pcap_249-o-21.pdf', True)
2025-03-25 12:19:19,504 - INFO - 197- ('04101/2021/251-O', 'https://contrataciondelestado.es/wps/wcm/connect/PLACE_es/Site/area/docAccCmpnt?srv=cmpnt&cmpntname=GetDocumentsById&source=library&DocumentIdParam=80e3d002-408b-45e1-a1df-9fb9c3d99a22', 'anexo_i_pcap.pdf', True)
2025-03-25 12:19:19,504 - INFO - 198- ('04101/2021/252-O', 'https://contrataciondelestado.es/wps/wcm/connect/PLACE_es/Site/area/docAccCmpnt?srv=cmpnt&cmpntname=GetDocumentsById&source=library&DocumentIdParam=0a8b0ecb-5c56-4d83-b392-6955f0ea300e', 'anexo_i_pcap_252-o-21.pdf', True)
2025-03-25 12:19:19,505 - INFO - 199- ('04101/2021/253-O', 'https://contrataciondelestado.es/wps/wcm/connect/PLACE_es/Site/area/docAccCmpnt?srv=cmpnt&cmpntname=GetDocumentsById&source=library&DocumentIdParam=a6593e96-4049-4424-9de3-5f30e8bcc5cc', 'anexo_i_pcap_nuevo_barraca_cotofio.pdf', True)
2025-03-25 12:19:19,505 - INFO - 200- ('04101/2021/254-O', 'https://contrataciondelestado.es/wps/wcm/connect/PLACE_es/Site/area/docAccCmpnt?srv=cmpnt&cmpntname=GetDocumentsById&source=library&DocumentIdParam=0590a4ff-a49c-47e1-a1b8-bea7eeaa87e7', 'anexo_i_pcap_254-o-21.pdf', True)
2025-03-25 12:19:19,505 - INFO - 201- ('04101/2021/257-O', 'https://contrataciondelestado.es/wps/wcm/connect/PLACE_es/Site/area/docAccCmpnt?srv=cmpnt&cmpntname=GetDocumentsById&source=library&DocumentIdParam=5f402f86-2b47-4074-b129-6e5280a4866e', 'anexo_i_pcap_257.pdf', True)
2025-03-25 12:19:19,505 - INFO - 202- ('04101/2021/259-O', 'https://contrataciondelestado.es/wps/wcm/connect/PLACE_es/Site/area/docAccCmpnt?srv=cmpnt&cmpntname=GetDocumentsById&source=library&DocumentIdParam=5c14ff9a-7751-4fa9-a287-45a6cf0077c9', 'anexo_i_pcap_259-o-21.pdf', True)
2025-03-25 12:19:19,505 - INFO - 203- ('04101/2021/31-O', 'https://contrataciondelestado.es/wps/wcm/connect/PLACE_es/Site/area/docAccCmpnt?srv=cmpnt&cmpntname=GetDocumentsById&source=library&DocumentIdParam=1e3d0507-551f-4fe4-a25d-e2e58b967958', 'anexo_i_pcap.pdf', True)
2025-03-25 12:19:19,505 - INFO - 204- ('04101/2021/33-O', 'https://contrataciondelestado.es/wps/wcm/connect/PLACE_es/Site/area/docAccCmpnt?srv=cmpnt&cmpntname=GetDocumentsById&source=library&DocumentIdParam=6749db9a-99ac-4de2-a3a3-dbbb50bc2f8b', 'anexo a ppt - cuadro de precios.pdf', True)
2025-03-25 12:19:19,505 - INFO - 205- ('04101/2021/37-O', 'https://contrataciondelestado.es/wps/wcm/connect/PLACE_es/Site/area/docAccCmpnt?srv=cmpnt&cmpntname=GetDocumentsById&source=library&DocumentIdParam=4234c474-2b82-4d7e-bd6f-4e21efc64d16', 'anexo_i_pcap_37-o-21.pdf', True)
2025-03-25 12:19:19,505 - INFO - 206- ('04101/2021/42-O', 'https://contrataciondelestado.es/wps/wcm/connect/PLACE_es/Site/area/docAccCmpnt?srv=cmpnt&cmpntname=GetDocumentsById&source=library&DocumentIdParam=37f34c0c-877f-48c6-92d6-b2920590e7cd', 'anexo i pcap.pdf', True)
2025-03-25 12:19:19,505 - INFO - 207- ('04101/2021/44-O', 'N/A', 'N/A', False)
2025-03-25 12:19:19,505 - INFO - 208- ('04101/2021/45-O', 'https://contrataciondelestado.es/wps/wcm/connect/PLACE_es/Site/area/docAccCmpnt?srv=cmpnt&cmpntname=GetDocumentsById&source=library&DocumentIdParam=d0c3ef4e-444c-4e62-8c26-c7d5d0bf1811', 'anexo i pcap rectificado.pdf', True)
2025-03-25 12:19:19,505 - INFO - 209- ('04101/2021/46-O', 'https://contrataciondelestado.es/wps/wcm/connect/PLACE_es/Site/area/docAccCmpnt?srv=cmpnt&cmpntname=GetDocumentsById&source=library&DocumentIdParam=aea5a0ad-1485-4c0b-8bc2-1edb3cecf6b7', 'anexo i pcap.pdf', True)
2025-03-25 12:19:19,505 - INFO - 210- ('04101/2021/71-O', 'N/A', 'N/A', False)
2025-03-25 12:19:19,505 - INFO - 211- ('04101/2021/74-O', 'https://contrataciondelestado.es/wps/wcm/connect/PLACE_es/Site/area/docAccCmpnt?srv=cmpnt&cmpntname=GetDocumentsById&source=library&DocumentIdParam=7bf50c39-0545-4818-a80b-e44b15cc223e', 'anexo_i_pcap_74-o-21.pdf', True)
2025-03-25 12:19:19,505 - INFO - 212- ('04101/2021/7-O', 'https://contrataciondelestado.es/wps/wcm/connect/PLACE_es/Site/area/docAccCmpnt?srv=cmpnt&cmpntname=GetDocumentsById&source=library&DocumentIdParam=16cde58d-18a2-4c20-a868-1dd92b902962', 'anexo i pcap 7-o-21.pdf', True)
2025-03-25 12:19:19,505 - INFO - 213- ('04101/2021/87-O', 'https://contrataciondelestado.es/wps/wcm/connect/PLACE_es/Site/area/docAccCmpnt?srv=cmpnt&cmpntname=GetDocumentsById&source=library&DocumentIdParam=67bd7248-50ed-442c-acc2-497d6d628658', 'anexo_i pcap_obras 87-o.pdf', True)
2025-03-25 12:19:19,505 - INFO - 214- ('04101/2021/89-O', 'https://contrataciondelestado.es/wps/wcm/connect/PLACE_es/Site/area/docAccCmpnt?srv=cmpnt&cmpntname=GetDocumentsById&source=library&DocumentIdParam=457eda29-9dca-4c13-bcde-7eeeacb71352', '1_memoria_y_anexos.pdf', True)
2025-03-25 12:19:19,505 - INFO - 215- ('04101/2021/94-O', 'https://contrataciondelestado.es/wps/wcm/connect/PLACE_es/Site/area/docAccCmpnt?srv=cmpnt&cmpntname=GetDocumentsById&source=library&DocumentIdParam=e6c9fc7f-c08d-4d5a-a31f-0fdb48a20e54', 'anexo_i_pcap_2021-94-o.pdf', True)
2025-03-25 12:19:19,505 - INFO - 216- ('04101/2021/96-O', 'https://contrataciondelestado.es/wps/wcm/connect/PLACE_es/Site/area/docAccCmpnt?srv=cmpnt&cmpntname=GetDocumentsById&source=library&DocumentIdParam=42d191aa-ab85-43c1-aa60-553a6d590d10', 'anexo_i_pcap_96-o.pdf', True)
2025-03-25 12:19:19,505 - INFO - 217- ('04101/2021/98-O', 'https://contrataciondelestado.es/wps/wcm/connect/PLACE_es/Site/area/docAccCmpnt?srv=cmpnt&cmpntname=GetDocumentsById&source=library&DocumentIdParam=b8a86edb-fa35-4087-b15e-d8b02fe88785', 'anexo_i_pcap_98-o-21.pdf', True)
2025-03-25 12:19:19,505 - INFO - 218- ('04101/2022/104-O', 'https://contrataciondelestado.es/wps/wcm/connect/PLACE_es/Site/area/docAccCmpnt?srv=cmpnt&cmpntname=GetDocumentsById&source=library&DocumentIdParam=033649b4-0b86-48d6-9a40-9df78fb3ad5e', 'anexo_i_pcap.pdf', True)
2025-03-25 12:19:19,505 - INFO - 219- ('04101/2022/107-O', 'https://contrataciondelestado.es/wps/wcm/connect/PLACE_es/Site/area/docAccCmpnt?srv=cmpnt&cmpntname=GetDocumentsById&source=library&DocumentIdParam=d1959c84-a27e-4722-a279-630c136f4350', 'anexo_i_pcap_107-o.pdf', True)
2025-03-25 12:19:19,506 - INFO - 220- ('04101/2022/109-O', 'https://contrataciondelestado.es/wps/wcm/connect/PLACE_es/Site/area/docAccCmpnt?srv=cmpnt&cmpntname=GetDocumentsById&source=library&DocumentIdParam=25abaaa4-875d-4146-a2a5-86482ad40b9e', 'anexo_i_pcap_109-o-22.pdf', True)
2025-03-25 12:19:19,506 - INFO - 221- ('04101/2022/115-O', 'https://contrataciondelestado.es/wps/wcm/connect/PLACE_es/Site/area/docAccCmpnt?srv=cmpnt&cmpntname=GetDocumentsById&source=library&DocumentIdParam=b3fd4ffc-3348-4f50-912f-7a2701469abb', 'anexo i pcap.pdf', True)
2025-03-25 12:19:19,506 - INFO - 222- ('04101/2022/117-O', 'https://contrataciondelestado.es/wps/wcm/connect/PLACE_es/Site/area/docAccCmpnt?srv=cmpnt&cmpntname=GetDocumentsById&source=library&DocumentIdParam=f742059b-c699-4028-9e43-7dce1b3f1cae', 'anexo_i_pcap_117-o-22.pdf', True)
2025-03-25 12:19:19,506 - INFO - 223- ('04101/2022/118-O', 'https://contrataciondelestado.es/wps/wcm/connect/PLACE_es/Site/area/docAccCmpnt?srv=cmpnt&cmpntname=GetDocumentsById&source=library&DocumentIdParam=966eb254-c6e4-4127-84f1-26ba678d04f6', 'anexo_i_pcap_118-2022_juegos_antiguo_mercado_abastos.pdf', True)
2025-03-25 12:19:19,506 - INFO - 224- ('04101/2022/120-O', 'https://contrataciondelestado.es/wps/wcm/connect/PLACE_es/Site/area/docAccCmpnt?srv=cmpnt&cmpntname=GetDocumentsById&source=library&DocumentIdParam=21fb9eb5-e987-4a97-b016-09deddc81078', 'anexo_i_pcap_120_juegos_obra.pdf', True)
2025-03-25 12:19:19,506 - INFO - 225- ('04101/2022/123-O', 'https://contrataciondelestado.es/wps/wcm/connect/PLACE_es/Site/area/docAccCmpnt?srv=cmpnt&cmpntname=GetDocumentsById&source=library&DocumentIdParam=368dbcdb-a50f-440d-aa39-409548455dcf', 'anexo i pcap.pdf', True)
2025-03-25 12:19:19,506 - INFO - 226- ('04101/2022/123-O BIS', 'https://contrataciondelestado.es/wps/wcm/connect/PLACE_es/Site/area/docAccCmpnt?srv=cmpnt&cmpntname=GetDocumentsById&source=library&DocumentIdParam=de1ca3c6-6294-498c-a6f8-6f5082bce381', 'anexo_i_pcap_123-o-22_bis.pdf', True)
2025-03-25 12:19:19,506 - INFO - 227- ('04101/2022/127-O', 'https://contrataciondelestado.es/wps/wcm/connect/PLACE_es/Site/area/docAccCmpnt?srv=cmpnt&cmpntname=GetDocumentsById&source=library&DocumentIdParam=78bf9d0c-046d-453f-9305-a6711a884fe5', 'anexo_i_pcap_127-o-22.pdf', True)
2025-03-25 12:19:19,506 - INFO - 228- ('04101/2022/131-O', 'https://contrataciondelestado.es/wps/wcm/connect/PLACE_es/Site/area/docAccCmpnt?srv=cmpnt&cmpntname=GetDocumentsById&source=library&DocumentIdParam=a0e16ca7-e35e-41e9-a5fa-558314e33e6e', 'anexo i pcap.pdf', True)
2025-03-25 12:19:19,506 - INFO - 229- ('04101/2022/131-O BIS', 'https://contrataciondelestado.es/wps/wcm/connect/PLACE_es/Site/area/docAccCmpnt?srv=cmpnt&cmpntname=GetDocumentsById&source=library&DocumentIdParam=2c46bee6-26f8-4af2-b9bb-234a5adf45c2', 'anexo_i_pcap_131-o-22_bis.pdf', True)
2025-03-25 12:19:19,506 - INFO - 230- ('04101/2022/148-O', 'https://contrataciondelestado.es/wps/wcm/connect/PLACE_es/Site/area/docAccCmpnt?srv=cmpnt&cmpntname=GetDocumentsById&source=library&DocumentIdParam=d9e60eff-5919-4d32-b9e8-1770ae6017c6', 'anexo_i_pcap_148-o-22.pdf', True)
2025-03-25 12:19:19,506 - INFO - 231- ('04101/2022/151-O', 'https://contrataciondelestado.es/wps/wcm/connect/PLACE_es/Site/area/docAccCmpnt?srv=cmpnt&cmpntname=GetDocumentsById&source=library&DocumentIdParam=95313fc7-f971-4f80-b60a-bcf632854a37', 'anexo i pcap.pdf', True)
2025-03-25 12:19:19,506 - INFO - 232- ('04101/2022/152-O', 'https://contrataciondelestado.es/wps/wcm/connect/PLACE_es/Site/area/docAccCmpnt?srv=cmpnt&cmpntname=GetDocumentsById&source=library&DocumentIdParam=6d66116b-b31e-46a7-8c6c-a19346e32c86', 'anexo i pcap.pdf', True)
2025-03-25 12:19:19,506 - INFO - 233- ('04101/2022/162-O', 'https://contrataciondelestado.es/wps/wcm/connect/PLACE_es/Site/area/docAccCmpnt?srv=cmpnt&cmpntname=GetDocumentsById&source=library&DocumentIdParam=2f79cfcc-d8b9-4dbd-923d-2a0308ea1df2', 'anexo_i_pcap_162-o-22.pdf', True)
2025-03-25 12:19:19,506 - INFO - 234- ('04101/2022/169-O', 'https://contrataciondelestado.es/wps/wcm/connect/PLACE_es/Site/area/docAccCmpnt?srv=cmpnt&cmpntname=GetDocumentsById&source=library&DocumentIdParam=09576984-c570-465a-86ad-96377e5dc098', 'anexo i pcap.pdf', True)
2025-03-25 12:19:19,506 - INFO - 235- ('04101/2022/173-O', 'https://contrataciondelestado.es/wps/wcm/connect/PLACE_es/Site/area/docAccCmpnt?srv=cmpnt&cmpntname=GetDocumentsById&source=library&DocumentIdParam=e961d8ac-cac8-4ae4-843b-f0ee7d8e6d58', 'anexo_i_pcap_173-o-22.pdf', True)
2025-03-25 12:19:19,506 - INFO - 236- ('04101/2022/177-O', 'https://contrataciondelestado.es/wps/wcm/connect/PLACE_es/Site/area/docAccCmpnt?srv=cmpnt&cmpntname=GetDocumentsById&source=library&DocumentIdParam=15a3d8e5-5c22-40c9-bddd-dcac8911135f', 'anexo_i_pcap_177-o-22.pdf', True)
2025-03-25 12:19:19,506 - INFO - 237- ('04101/2022/182-O', 'https://contrataciondelestado.es/wps/wcm/connect/PLACE_es/Site/area/docAccCmpnt?srv=cmpnt&cmpntname=GetDocumentsById&source=library&DocumentIdParam=4c979330-3efb-4ec6-ae38-d3bbc0905611', 'anexo i pcap.pdf', True)
2025-03-25 12:19:19,506 - INFO - 238- ('04101/2022/186-O', 'https://contrataciondelestado.es/wps/wcm/connect/PLACE_es/Site/area/docAccCmpnt?srv=cmpnt&cmpntname=GetDocumentsById&source=library&DocumentIdParam=85c59c9c-80c1-44df-b1e3-f199cbcd3554', '463_p03_pliego_y_anexos.pdf', True)
2025-03-25 12:19:19,506 - INFO - 239- ('04101/2022/187-O', 'https://contrataciondelestado.es/wps/wcm/connect/PLACE_es/Site/area/docAccCmpnt?srv=cmpnt&cmpntname=GetDocumentsById&source=library&DocumentIdParam=f0cabfad-3de2-4fab-a23a-d84c2b95f190', 'anexo i pcap.pdf', True)
2025-03-25 12:19:19,506 - INFO - 240- ('04101/2022/188-O', 'https://contrataciondelestado.es/wps/wcm/connect/PLACE_es/Site/area/docAccCmpnt?srv=cmpnt&cmpntname=GetDocumentsById&source=library&DocumentIdParam=9f70571f-8701-4baf-bb6f-62ad791dacf4', 'anexo i pcap.pdf', True)
2025-03-25 12:19:19,506 - INFO - 241- ('04101/2022/189-O', 'https://contrataciondelestado.es/wps/wcm/connect/PLACE_es/Site/area/docAccCmpnt?srv=cmpnt&cmpntname=GetDocumentsById&source=library&DocumentIdParam=a059c3b8-4987-450b-8406-376f1a3ad9df', 'anexo i pcap.pdf', True)
2025-03-25 12:19:19,507 - INFO - 242- ('04101/2022/190-O', 'https://contrataciondelestado.es/wps/wcm/connect/PLACE_es/Site/area/docAccCmpnt?srv=cmpnt&cmpntname=GetDocumentsById&source=library&DocumentIdParam=8c4b4ad1-24ac-4d4d-9a22-46c3a7725cd3', 'anexo i pcap.pdf', True)
2025-03-25 12:19:19,507 - INFO - 243- ('04101/2022/191-O', 'https://contrataciondelestado.es/wps/wcm/connect/PLACE_es/Site/area/docAccCmpnt?srv=cmpnt&cmpntname=GetDocumentsById&source=library&DocumentIdParam=d2473cf6-473e-469b-b654-ba1f0decab98', 'anexo i pcap.pdf', True)
2025-03-25 12:19:19,507 - INFO - 244- ('04101/2022/192-O', 'https://contrataciondelestado.es/wps/wcm/connect/PLACE_es/Site/area/docAccCmpnt?srv=cmpnt&cmpntname=GetDocumentsById&source=library&DocumentIdParam=59560469-a937-45b5-9d6a-0550fe31d94b', 'anexo_i_pcap_192-o-22.pdf', True)
2025-03-25 12:19:19,507 - INFO - 245- ('04101/2022/193-O', 'https://contrataciondelestado.es/wps/wcm/connect/PLACE_es/Site/area/docAccCmpnt?srv=cmpnt&cmpntname=GetDocumentsById&source=library&DocumentIdParam=52461977-8c36-4067-891d-cea8f5fa0e0c', 'anexo_i_pcap_193-o-2022.pdf', True)
2025-03-25 12:19:19,507 - INFO - 246- ('04101/2022/200-O', 'https://contrataciondelestado.es/wps/wcm/connect/PLACE_es/Site/area/docAccCmpnt?srv=cmpnt&cmpntname=GetDocumentsById&source=library&DocumentIdParam=b94e4892-7391-482c-bcbf-0ff932f29c4b', 'anexo i pcap 200-o-22.pdf', True)
2025-03-25 12:19:19,507 - INFO - 247- ('04101/2022/212-O', 'https://contrataciondelestado.es/wps/wcm/connect/PLACE_es/Site/area/docAccCmpnt?srv=cmpnt&cmpntname=GetDocumentsById&source=library&DocumentIdParam=d2435103-4906-4dba-abbc-86afed863ad6', 'anexo_i_pcap_212-o-22.pdf', True)
2025-03-25 12:19:19,507 - INFO - 248- ('04101/2022/221-O', 'https://contrataciondelestado.es/wps/wcm/connect/PLACE_es/Site/area/docAccCmpnt?srv=cmpnt&cmpntname=GetDocumentsById&source=library&DocumentIdParam=eee058cd-5e82-4abe-88d6-bd8b83792f67', 'anexo i pcap.pdf', True)
2025-03-25 12:19:19,507 - INFO - 249- ('04101/2022/232-O', 'https://contrataciondelestado.es/wps/wcm/connect/PLACE_es/Site/area/docAccCmpnt?srv=cmpnt&cmpntname=GetDocumentsById&source=library&DocumentIdParam=6dc9ec43-3443-4755-a0a2-e2cc7012a14c', 'anexo i pcap 232-o-22.pdf', True)
2025-03-25 12:19:19,507 - INFO - 250- ('04101/2022/233-O', 'https://contrataciondelestado.es/wps/wcm/connect/PLACE_es/Site/area/docAccCmpnt?srv=cmpnt&cmpntname=GetDocumentsById&source=library&DocumentIdParam=1fe4a352-a237-4bd1-9c9a-6b3005ac10a0', '2022-06-06_pe centro_empleo_cabanyal_doc_memoria-anexos-pres-pliego-ess.pdf', True)
2025-03-25 12:19:19,507 - INFO - 251- ('04101/2022/234-O', 'https://contrataciondelestado.es/wps/wcm/connect/PLACE_es/Site/area/docAccCmpnt?srv=cmpnt&cmpntname=GetDocumentsById&source=library&DocumentIdParam=919a0c59-8d9d-40c8-bfe4-efb677c0ce5d', 'anexo i pcap.pdf', True)
2025-03-25 12:19:19,507 - INFO - 252- ('04101/2022/235-O', 'https://contrataciondelestado.es/wps/wcm/connect/PLACE_es/Site/area/docAccCmpnt?srv=cmpnt&cmpntname=GetDocumentsById&source=library&DocumentIdParam=ce046354-8b14-4174-8646-d246d8ae3b85', 'anexo i pcap.pdf', True)
2025-03-25 12:19:19,507 - INFO - 253- ('04101/2022/236-O', 'https://contrataciondelestado.es/wps/wcm/connect/PLACE_es/Site/area/docAccCmpnt?srv=cmpnt&cmpntname=GetDocumentsById&source=library&DocumentIdParam=f43294fe-83c7-4932-a305-7b4d26d7d45e', 'anexo i pcap.pdf', True)
2025-03-25 12:19:19,507 - INFO - 254- ('04101/2022/237-O', 'https://contrataciondelestado.es/wps/wcm/connect/PLACE_es/Site/area/docAccCmpnt?srv=cmpnt&cmpntname=GetDocumentsById&source=library&DocumentIdParam=4d5f4b08-962d-435e-8f99-5e22c68734b5', 'anexo_i_pcap_237-o-22.pdf', True)
2025-03-25 12:19:19,507 - INFO - 255- ('04101/2022/239-O', 'https://contrataciondelestado.es/wps/wcm/connect/PLACE_es/Site/area/docAccCmpnt?srv=cmpnt&cmpntname=GetDocumentsById&source=library&DocumentIdParam=b41bbd4b-855f-4f3f-b262-2e7a1c425901', 'anexo_i_pcap_239-o-22.pdf', True)
2025-03-25 12:19:19,507 - INFO - 256- ('04101/2022/240-O', 'https://contrataciondelestado.es/wps/wcm/connect/PLACE_es/Site/area/docAccCmpnt?srv=cmpnt&cmpntname=GetDocumentsById&source=library&DocumentIdParam=81b77a5c-9611-4ade-8c0e-79308e9e53e3', 'anexo_i_pcap.pdf', True)
2025-03-25 12:19:19,507 - INFO - 257- ('04101/2022/242-O', 'https://contrataciondelestado.es/wps/wcm/connect/PLACE_es/Site/area/docAccCmpnt?srv=cmpnt&cmpntname=GetDocumentsById&source=library&DocumentIdParam=d4efcf6b-55da-409c-97aa-851ee2c4fa89', 'anexo_i_pcap_242-o-22.pdf', True)
2025-03-25 12:19:19,507 - INFO - 258- ('04101/2022/243-O', 'https://contrataciondelestado.es/wps/wcm/connect/PLACE_es/Site/area/docAccCmpnt?srv=cmpnt&cmpntname=GetDocumentsById&source=library&DocumentIdParam=265e28f8-0745-403f-9244-18fc911565b3', 'anexo_i_pcap.pdf', True)
2025-03-25 12:19:19,507 - INFO - 259- ('04101/2022/247-O', 'https://contrataciondelestado.es/wps/wcm/connect/PLACE_es/Site/area/docAccCmpnt?srv=cmpnt&cmpntname=GetDocumentsById&source=library&DocumentIdParam=8531cef8-a1db-4ab4-bd42-ccb5fceceb46', 'anexo_i_pcap 247-o next generation.pdf', True)
2025-03-25 12:19:19,507 - INFO - 260- ('04101/2022/250-O', 'https://contrataciondelestado.es/wps/wcm/connect/PLACE_es/Site/area/docAccCmpnt?srv=cmpnt&cmpntname=GetDocumentsById&source=library&DocumentIdParam=fe9cb270-1f63-47ee-9e54-e3680c4dc4e5', 'anexo i pcap rectificado.pdf', True)
2025-03-25 12:19:19,508 - INFO - 261- ('04101/2022/257-O', 'https://contrataciondelestado.es/wps/wcm/connect/PLACE_es/Site/area/docAccCmpnt?srv=cmpnt&cmpntname=GetDocumentsById&source=library&DocumentIdParam=ea926a59-0064-49cb-ae9a-8f1b4f9ab0c4', 'anexo i pcap.pdf', True)
2025-03-25 12:19:19,508 - INFO - 262- ('04101/2022/260-O', 'https://contrataciondelestado.es/wps/wcm/connect/PLACE_es/Site/area/docAccCmpnt?srv=cmpnt&cmpntname=GetDocumentsById&source=library&DocumentIdParam=c7ab7f9e-d3e1-48c6-8f78-591619e2611d', 'anexo_i_pcap_260-o-22.pdf', True)
2025-03-25 12:19:19,508 - INFO - 263- ('04101/2022/266-O', 'https://contrataciondelestado.es/wps/wcm/connect/PLACE_es/Site/area/docAccCmpnt?srv=cmpnt&cmpntname=GetDocumentsById&source=library&DocumentIdParam=eb1dfbd1-4400-419a-81e4-6fa09e4d285b', 'anexo_i_pcap_266-o-22.pdf', True)
2025-03-25 12:19:19,508 - INFO - 264- ('04101/2022/26-O', 'https://contrataciondelestado.es/wps/wcm/connect/PLACE_es/Site/area/docAccCmpnt?srv=cmpnt&cmpntname=GetDocumentsById&source=library&DocumentIdParam=f4945f39-ea03-4c97-ac42-47b1a00d2201', 'anexo_i_pcap_26-o-21.pdf', True)
2025-03-25 12:19:19,508 - INFO - 265- ('04101/2022/270-O', 'https://contrataciondelestado.es/wps/wcm/connect/PLACE_es/Site/area/docAccCmpnt?srv=cmpnt&cmpntname=GetDocumentsById&source=library&DocumentIdParam=ad51cc4d-29ec-484f-82be-79c91cd4617d', 'anexo_i_pcap_270-o-22.pdf', True)
2025-03-25 12:19:19,508 - INFO - 266- ('04101/2022/271-O', 'https://contrataciondelestado.es/wps/wcm/connect/PLACE_es/Site/area/docAccCmpnt?srv=cmpnt&cmpntname=GetDocumentsById&source=library&DocumentIdParam=80b58668-d96c-4116-8e34-c8fcdf9a8694', 'anexo_i_pcap_271-o-22.pdf', True)
2025-03-25 12:19:19,508 - INFO - Consulta exitosa, fin de la tabla Anexos.
